[2024-01-03 05:34:58] local.ERROR: SQLSTATE[42S02]: Base table or view not found: 1146 Table 'pkl.users' doesn't exist (Connection: mysql, SQL: select * from `users` where `email` = admin@gmail.com limit 1) {"exception":"[object] (Illuminate\\Database\\QueryException(code: 42S02): SQLSTATE[42S02]: Base table or view not found: 1146 Table 'pkl.users' doesn't exist (Connection: mysql, SQL: select * from `users` where `email` = admin@gmail.com limit 1) at C:\\Users\\elisa\\Dropbox\\PC\\Documents\\smt5\\pkl\\nama-proyek-anda\\vendor\\laravel\\framework\\src\\Illuminate\\Database\\Connection.php:822)
[stacktrace]
#0 C:\\Users\\elisa\\Dropbox\\PC\\Documents\\smt5\\pkl\\nama-proyek-anda\\vendor\\laravel\\framework\\src\\Illuminate\\Database\\Connection.php(776): Illuminate\\Database\\Connection->runQueryCallback('select * from `...', Array, Object(Closure))
#1 C:\\Users\\elisa\\Dropbox\\PC\\Documents\\smt5\\pkl\\nama-proyek-anda\\vendor\\laravel\\framework\\src\\Illuminate\\Database\\Connection.php(407): Illuminate\\Database\\Connection->run('select * from `...', Array, Object(Closure))
#2 C:\\Users\\elisa\\Dropbox\\PC\\Documents\\smt5\\pkl\\nama-proyek-anda\\vendor\\laravel\\framework\\src\\Illuminate\\Database\\Query\\Builder.php(2751): Illuminate\\Database\\Connection->select('select * from `...', Array, true)
#3 C:\\Users\\elisa\\Dropbox\\PC\\Documents\\smt5\\pkl\\nama-proyek-anda\\vendor\\laravel\\framework\\src\\Illuminate\\Database\\Query\\Builder.php(2740): Illuminate\\Database\\Query\\Builder->runSelect()
#4 C:\\Users\\elisa\\Dropbox\\PC\\Documents\\smt5\\pkl\\nama-proyek-anda\\vendor\\laravel\\framework\\src\\Illuminate\\Database\\Query\\Builder.php(3294): Illuminate\\Database\\Query\\Builder->Illuminate\\Database\\Query\\{closure}()
#5 C:\\Users\\elisa\\Dropbox\\PC\\Documents\\smt5\\pkl\\nama-proyek-anda\\vendor\\laravel\\framework\\src\\Illuminate\\Database\\Query\\Builder.php(2739): Illuminate\\Database\\Query\\Builder->onceWithColumns(Array, Object(Closure))
#6 C:\\Users\\elisa\\Dropbox\\PC\\Documents\\smt5\\pkl\\nama-proyek-anda\\vendor\\laravel\\framework\\src\\Illuminate\\Database\\Eloquent\\Builder.php(737): Illuminate\\Database\\Query\\Builder->get(Array)
#7 C:\\Users\\elisa\\Dropbox\\PC\\Documents\\smt5\\pkl\\nama-proyek-anda\\vendor\\laravel\\framework\\src\\Illuminate\\Database\\Eloquent\\Builder.php(721): Illuminate\\Database\\Eloquent\\Builder->getModels(Array)
#8 C:\\Users\\elisa\\Dropbox\\PC\\Documents\\smt5\\pkl\\nama-proyek-anda\\vendor\\laravel\\framework\\src\\Illuminate\\Database\\Concerns\\BuildsQueries.php(333): Illuminate\\Database\\Eloquent\\Builder->get(Array)
#9 C:\\Users\\elisa\\Dropbox\\PC\\Documents\\smt5\\pkl\\nama-proyek-anda\\vendor\\laravel\\framework\\src\\Illuminate\\Auth\\EloquentUserProvider.php(139): Illuminate\\Database\\Eloquent\\Builder->first()
#10 C:\\Users\\elisa\\Dropbox\\PC\\Documents\\smt5\\pkl\\nama-proyek-anda\\vendor\\laravel\\framework\\src\\Illuminate\\Auth\\SessionGuard.php(381): Illuminate\\Auth\\EloquentUserProvider->retrieveByCredentials(Array)
#11 C:\\Users\\elisa\\Dropbox\\PC\\Documents\\smt5\\pkl\\nama-proyek-anda\\vendor\\laravel\\framework\\src\\Illuminate\\Auth\\AuthManager.php(340): Illuminate\\Auth\\SessionGuard->attempt(Array)
#12 C:\\Users\\elisa\\Dropbox\\PC\\Documents\\smt5\\pkl\\nama-proyek-anda\\vendor\\laravel\\framework\\src\\Illuminate\\Support\\Facades\\Facade.php(355): Illuminate\\Auth\\AuthManager->__call('attempt', Array)
#13 C:\\Users\\elisa\\Dropbox\\PC\\Documents\\smt5\\pkl\\nama-proyek-anda\\app\\Http\\Controllers\\AuthController.php(21): Illuminate\\Support\\Facades\\Facade::__callStatic('attempt', Array)
#14 C:\\Users\\elisa\\Dropbox\\PC\\Documents\\smt5\\pkl\\nama-proyek-anda\\vendor\\laravel\\framework\\src\\Illuminate\\Routing\\Controller.php(54): App\\Http\\Controllers\\AuthController->authenticate(Object(App\\Http\\Requests\\LoginRequest))
#15 C:\\Users\\elisa\\Dropbox\\PC\\Documents\\smt5\\pkl\\nama-proyek-anda\\vendor\\laravel\\framework\\src\\Illuminate\\Routing\\ControllerDispatcher.php(43): Illuminate\\Routing\\Controller->callAction('authenticate', Array)
#16 C:\\Users\\elisa\\Dropbox\\PC\\Documents\\smt5\\pkl\\nama-proyek-anda\\vendor\\laravel\\framework\\src\\Illuminate\\Routing\\Route.php(259): Illuminate\\Routing\\ControllerDispatcher->dispatch(Object(Illuminate\\Routing\\Route), Object(App\\Http\\Controllers\\AuthController), 'authenticate')
#17 C:\\Users\\elisa\\Dropbox\\PC\\Documents\\smt5\\pkl\\nama-proyek-anda\\vendor\\laravel\\framework\\src\\Illuminate\\Routing\\Route.php(205): Illuminate\\Routing\\Route->runController()
#18 C:\\Users\\elisa\\Dropbox\\PC\\Documents\\smt5\\pkl\\nama-proyek-anda\\vendor\\laravel\\framework\\src\\Illuminate\\Routing\\Router.php(806): Illuminate\\Routing\\Route->run()
#19 C:\\Users\\elisa\\Dropbox\\PC\\Documents\\smt5\\pkl\\nama-proyek-anda\\vendor\\laravel\\framework\\src\\Illuminate\\Pipeline\\Pipeline.php(144): Illuminate\\Routing\\Router->Illuminate\\Routing\\{closure}(Object(Illuminate\\Http\\Request))
#20 C:\\Users\\elisa\\Dropbox\\PC\\Documents\\smt5\\pkl\\nama-proyek-anda\\vendor\\laravel\\framework\\src\\Illuminate\\Routing\\Middleware\\SubstituteBindings.php(50): Illuminate\\Pipeline\\Pipeline->Illuminate\\Pipeline\\{closure}(Object(Illuminate\\Http\\Request))
#21 C:\\Users\\elisa\\Dropbox\\PC\\Documents\\smt5\\pkl\\nama-proyek-anda\\vendor\\laravel\\framework\\src\\Illuminate\\Pipeline\\Pipeline.php(183): Illuminate\\Routing\\Middleware\\SubstituteBindings->handle(Object(Illuminate\\Http\\Request), Object(Closure))
#22 C:\\Users\\elisa\\Dropbox\\PC\\Documents\\smt5\\pkl\\nama-proyek-anda\\vendor\\laravel\\framework\\src\\Illuminate\\Foundation\\Http\\Middleware\\VerifyCsrfToken.php(78): Illuminate\\Pipeline\\Pipeline->Illuminate\\Pipeline\\{closure}(Object(Illuminate\\Http\\Request))
#23 C:\\Users\\elisa\\Dropbox\\PC\\Documents\\smt5\\pkl\\nama-proyek-anda\\vendor\\laravel\\framework\\src\\Illuminate\\Pipeline\\Pipeline.php(183): Illuminate\\Foundation\\Http\\Middleware\\VerifyCsrfToken->handle(Object(Illuminate\\Http\\Request), Object(Closure))
#24 C:\\Users\\elisa\\Dropbox\\PC\\Documents\\smt5\\pkl\\nama-proyek-anda\\vendor\\laravel\\framework\\src\\Illuminate\\View\\Middleware\\ShareErrorsFromSession.php(49): Illuminate\\Pipeline\\Pipeline->Illuminate\\Pipeline\\{closure}(Object(Illuminate\\Http\\Request))
#25 C:\\Users\\elisa\\Dropbox\\PC\\Documents\\smt5\\pkl\\nama-proyek-anda\\vendor\\laravel\\framework\\src\\Illuminate\\Pipeline\\Pipeline.php(183): Illuminate\\View\\Middleware\\ShareErrorsFromSession->handle(Object(Illuminate\\Http\\Request), Object(Closure))
#26 C:\\Users\\elisa\\Dropbox\\PC\\Documents\\smt5\\pkl\\nama-proyek-anda\\vendor\\laravel\\framework\\src\\Illuminate\\Session\\Middleware\\StartSession.php(121): Illuminate\\Pipeline\\Pipeline->Illuminate\\Pipeline\\{closure}(Object(Illuminate\\Http\\Request))
#27 C:\\Users\\elisa\\Dropbox\\PC\\Documents\\smt5\\pkl\\nama-proyek-anda\\vendor\\laravel\\framework\\src\\Illuminate\\Session\\Middleware\\StartSession.php(64): Illuminate\\Session\\Middleware\\StartSession->handleStatefulRequest(Object(Illuminate\\Http\\Request), Object(Illuminate\\Session\\Store), Object(Closure))
#28 C:\\Users\\elisa\\Dropbox\\PC\\Documents\\smt5\\pkl\\nama-proyek-anda\\vendor\\laravel\\framework\\src\\Illuminate\\Pipeline\\Pipeline.php(183): Illuminate\\Session\\Middleware\\StartSession->handle(Object(Illuminate\\Http\\Request), Object(Closure))
#29 C:\\Users\\elisa\\Dropbox\\PC\\Documents\\smt5\\pkl\\nama-proyek-anda\\vendor\\laravel\\framework\\src\\Illuminate\\Cookie\\Middleware\\AddQueuedCookiesToResponse.php(37): Illuminate\\Pipeline\\Pipeline->Illuminate\\Pipeline\\{closure}(Object(Illuminate\\Http\\Request))
#30 C:\\Users\\elisa\\Dropbox\\PC\\Documents\\smt5\\pkl\\nama-proyek-anda\\vendor\\laravel\\framework\\src\\Illuminate\\Pipeline\\Pipeline.php(183): Illuminate\\Cookie\\Middleware\\AddQueuedCookiesToResponse->handle(Object(Illuminate\\Http\\Request), Object(Closure))
#31 C:\\Users\\elisa\\Dropbox\\PC\\Documents\\smt5\\pkl\\nama-proyek-anda\\vendor\\laravel\\framework\\src\\Illuminate\\Cookie\\Middleware\\EncryptCookies.php(67): Illuminate\\Pipeline\\Pipeline->Illuminate\\Pipeline\\{closure}(Object(Illuminate\\Http\\Request))
#32 C:\\Users\\elisa\\Dropbox\\PC\\Documents\\smt5\\pkl\\nama-proyek-anda\\vendor\\laravel\\framework\\src\\Illuminate\\Pipeline\\Pipeline.php(183): Illuminate\\Cookie\\Middleware\\EncryptCookies->handle(Object(Illuminate\\Http\\Request), Object(Closure))
#33 C:\\Users\\elisa\\Dropbox\\PC\\Documents\\smt5\\pkl\\nama-proyek-anda\\vendor\\laravel\\framework\\src\\Illuminate\\Pipeline\\Pipeline.php(119): Illuminate\\Pipeline\\Pipeline->Illuminate\\Pipeline\\{closure}(Object(Illuminate\\Http\\Request))
#34 C:\\Users\\elisa\\Dropbox\\PC\\Documents\\smt5\\pkl\\nama-proyek-anda\\vendor\\laravel\\framework\\src\\Illuminate\\Routing\\Router.php(805): Illuminate\\Pipeline\\Pipeline->then(Object(Closure))
#35 C:\\Users\\elisa\\Dropbox\\PC\\Documents\\smt5\\pkl\\nama-proyek-anda\\vendor\\laravel\\framework\\src\\Illuminate\\Routing\\Router.php(784): Illuminate\\Routing\\Router->runRouteWithinStack(Object(Illuminate\\Routing\\Route), Object(Illuminate\\Http\\Request))
#36 C:\\Users\\elisa\\Dropbox\\PC\\Documents\\smt5\\pkl\\nama-proyek-anda\\vendor\\laravel\\framework\\src\\Illuminate\\Routing\\Router.php(748): Illuminate\\Routing\\Router->runRoute(Object(Illuminate\\Http\\Request), Object(Illuminate\\Routing\\Route))
#37 C:\\Users\\elisa\\Dropbox\\PC\\Documents\\smt5\\pkl\\nama-proyek-anda\\vendor\\laravel\\framework\\src\\Illuminate\\Routing\\Router.php(737): Illuminate\\Routing\\Router->dispatchToRoute(Object(Illuminate\\Http\\Request))
#38 C:\\Users\\elisa\\Dropbox\\PC\\Documents\\smt5\\pkl\\nama-proyek-anda\\vendor\\laravel\\framework\\src\\Illuminate\\Foundation\\Http\\Kernel.php(200): Illuminate\\Routing\\Router->dispatch(Object(Illuminate\\Http\\Request))
#39 C:\\Users\\elisa\\Dropbox\\PC\\Documents\\smt5\\pkl\\nama-proyek-anda\\vendor\\laravel\\framework\\src\\Illuminate\\Pipeline\\Pipeline.php(144): Illuminate\\Foundation\\Http\\Kernel->Illuminate\\Foundation\\Http\\{closure}(Object(Illuminate\\Http\\Request))
#40 C:\\Users\\elisa\\Dropbox\\PC\\Documents\\smt5\\pkl\\nama-proyek-anda\\vendor\\laravel\\framework\\src\\Illuminate\\Foundation\\Http\\Middleware\\TransformsRequest.php(21): Illuminate\\Pipeline\\Pipeline->Illuminate\\Pipeline\\{closure}(Object(Illuminate\\Http\\Request))
#41 C:\\Users\\elisa\\Dropbox\\PC\\Documents\\smt5\\pkl\\nama-proyek-anda\\vendor\\laravel\\framework\\src\\Illuminate\\Foundation\\Http\\Middleware\\ConvertEmptyStringsToNull.php(31): Illuminate\\Foundation\\Http\\Middleware\\TransformsRequest->handle(Object(Illuminate\\Http\\Request), Object(Closure))
#42 C:\\Users\\elisa\\Dropbox\\PC\\Documents\\smt5\\pkl\\nama-proyek-anda\\vendor\\laravel\\framework\\src\\Illuminate\\Pipeline\\Pipeline.php(183): Illuminate\\Foundation\\Http\\Middleware\\ConvertEmptyStringsToNull->handle(Object(Illuminate\\Http\\Request), Object(Closure))
#43 C:\\Users\\elisa\\Dropbox\\PC\\Documents\\smt5\\pkl\\nama-proyek-anda\\vendor\\laravel\\framework\\src\\Illuminate\\Foundation\\Http\\Middleware\\TransformsRequest.php(21): Illuminate\\Pipeline\\Pipeline->Illuminate\\Pipeline\\{closure}(Object(Illuminate\\Http\\Request))
#44 C:\\Users\\elisa\\Dropbox\\PC\\Documents\\smt5\\pkl\\nama-proyek-anda\\vendor\\laravel\\framework\\src\\Illuminate\\Foundation\\Http\\Middleware\\TrimStrings.php(40): Illuminate\\Foundation\\Http\\Middleware\\TransformsRequest->handle(Object(Illuminate\\Http\\Request), Object(Closure))
#45 C:\\Users\\elisa\\Dropbox\\PC\\Documents\\smt5\\pkl\\nama-proyek-anda\\vendor\\laravel\\framework\\src\\Illuminate\\Pipeline\\Pipeline.php(183): Illuminate\\Foundation\\Http\\Middleware\\TrimStrings->handle(Object(Illuminate\\Http\\Request), Object(Closure))
#46 C:\\Users\\elisa\\Dropbox\\PC\\Documents\\smt5\\pkl\\nama-proyek-anda\\vendor\\laravel\\framework\\src\\Illuminate\\Foundation\\Http\\Middleware\\ValidatePostSize.php(27): Illuminate\\Pipeline\\Pipeline->Illuminate\\Pipeline\\{closure}(Object(Illuminate\\Http\\Request))
#47 C:\\Users\\elisa\\Dropbox\\PC\\Documents\\smt5\\pkl\\nama-proyek-anda\\vendor\\laravel\\framework\\src\\Illuminate\\Pipeline\\Pipeline.php(183): Illuminate\\Foundation\\Http\\Middleware\\ValidatePostSize->handle(Object(Illuminate\\Http\\Request), Object(Closure))
#48 C:\\Users\\elisa\\Dropbox\\PC\\Documents\\smt5\\pkl\\nama-proyek-anda\\vendor\\laravel\\framework\\src\\Illuminate\\Foundation\\Http\\Middleware\\PreventRequestsDuringMaintenance.php(99): Illuminate\\Pipeline\\Pipeline->Illuminate\\Pipeline\\{closure}(Object(Illuminate\\Http\\Request))
#49 C:\\Users\\elisa\\Dropbox\\PC\\Documents\\smt5\\pkl\\nama-proyek-anda\\vendor\\laravel\\framework\\src\\Illuminate\\Pipeline\\Pipeline.php(183): Illuminate\\Foundation\\Http\\Middleware\\PreventRequestsDuringMaintenance->handle(Object(Illuminate\\Http\\Request), Object(Closure))
#50 C:\\Users\\elisa\\Dropbox\\PC\\Documents\\smt5\\pkl\\nama-proyek-anda\\vendor\\laravel\\framework\\src\\Illuminate\\Http\\Middleware\\HandleCors.php(49): Illuminate\\Pipeline\\Pipeline->Illuminate\\Pipeline\\{closure}(Object(Illuminate\\Http\\Request))
#51 C:\\Users\\elisa\\Dropbox\\PC\\Documents\\smt5\\pkl\\nama-proyek-anda\\vendor\\laravel\\framework\\src\\Illuminate\\Pipeline\\Pipeline.php(183): Illuminate\\Http\\Middleware\\HandleCors->handle(Object(Illuminate\\Http\\Request), Object(Closure))
#52 C:\\Users\\elisa\\Dropbox\\PC\\Documents\\smt5\\pkl\\nama-proyek-anda\\vendor\\laravel\\framework\\src\\Illuminate\\Http\\Middleware\\TrustProxies.php(39): Illuminate\\Pipeline\\Pipeline->Illuminate\\Pipeline\\{closure}(Object(Illuminate\\Http\\Request))
#53 C:\\Users\\elisa\\Dropbox\\PC\\Documents\\smt5\\pkl\\nama-proyek-anda\\vendor\\laravel\\framework\\src\\Illuminate\\Pipeline\\Pipeline.php(183): Illuminate\\Http\\Middleware\\TrustProxies->handle(Object(Illuminate\\Http\\Request), Object(Closure))
#54 C:\\Users\\elisa\\Dropbox\\PC\\Documents\\smt5\\pkl\\nama-proyek-anda\\vendor\\laravel\\framework\\src\\Illuminate\\Pipeline\\Pipeline.php(119): Illuminate\\Pipeline\\Pipeline->Illuminate\\Pipeline\\{closure}(Object(Illuminate\\Http\\Request))
#55 C:\\Users\\elisa\\Dropbox\\PC\\Documents\\smt5\\pkl\\nama-proyek-anda\\vendor\\laravel\\framework\\src\\Illuminate\\Foundation\\Http\\Kernel.php(175): Illuminate\\Pipeline\\Pipeline->then(Object(Closure))
#56 C:\\Users\\elisa\\Dropbox\\PC\\Documents\\smt5\\pkl\\nama-proyek-anda\\vendor\\laravel\\framework\\src\\Illuminate\\Foundation\\Http\\Kernel.php(144): Illuminate\\Foundation\\Http\\Kernel->sendRequestThroughRouter(Object(Illuminate\\Http\\Request))
#57 C:\\Users\\elisa\\Dropbox\\PC\\Documents\\smt5\\pkl\\nama-proyek-anda\\public\\index.php(51): Illuminate\\Foundation\\Http\\Kernel->handle(Object(Illuminate\\Http\\Request))
#58 C:\\Users\\elisa\\Dropbox\\PC\\Documents\\smt5\\pkl\\nama-proyek-anda\\vendor\\laravel\\framework\\src\\Illuminate\\Foundation\\resources\\server.php(16): require_once('C:\\\\Users\\\\elisa\\\\...')
#59 {main}

[previous exception] [object] (PDOException(code: 42S02): SQLSTATE[42S02]: Base table or view not found: 1146 Table 'pkl.users' doesn't exist at C:\\Users\\elisa\\Dropbox\\PC\\Documents\\smt5\\pkl\\nama-proyek-anda\\vendor\\laravel\\framework\\src\\Illuminate\\Database\\Connection.php:416)
[stacktrace]
#0 C:\\Users\\elisa\\Dropbox\\PC\\Documents\\smt5\\pkl\\nama-proyek-anda\\vendor\\laravel\\framework\\src\\Illuminate\\Database\\Connection.php(416): PDO->prepare('select * from `...')
#1 C:\\Users\\elisa\\Dropbox\\PC\\Documents\\smt5\\pkl\\nama-proyek-anda\\vendor\\laravel\\framework\\src\\Illuminate\\Database\\Connection.php(809): Illuminate\\Database\\Connection->Illuminate\\Database\\{closure}('select * from `...', Array)
#2 C:\\Users\\elisa\\Dropbox\\PC\\Documents\\smt5\\pkl\\nama-proyek-anda\\vendor\\laravel\\framework\\src\\Illuminate\\Database\\Connection.php(776): Illuminate\\Database\\Connection->runQueryCallback('select * from `...', Array, Object(Closure))
#3 C:\\Users\\elisa\\Dropbox\\PC\\Documents\\smt5\\pkl\\nama-proyek-anda\\vendor\\laravel\\framework\\src\\Illuminate\\Database\\Connection.php(407): Illuminate\\Database\\Connection->run('select * from `...', Array, Object(Closure))
#4 C:\\Users\\elisa\\Dropbox\\PC\\Documents\\smt5\\pkl\\nama-proyek-anda\\vendor\\laravel\\framework\\src\\Illuminate\\Database\\Query\\Builder.php(2751): Illuminate\\Database\\Connection->select('select * from `...', Array, true)
#5 C:\\Users\\elisa\\Dropbox\\PC\\Documents\\smt5\\pkl\\nama-proyek-anda\\vendor\\laravel\\framework\\src\\Illuminate\\Database\\Query\\Builder.php(2740): Illuminate\\Database\\Query\\Builder->runSelect()
#6 C:\\Users\\elisa\\Dropbox\\PC\\Documents\\smt5\\pkl\\nama-proyek-anda\\vendor\\laravel\\framework\\src\\Illuminate\\Database\\Query\\Builder.php(3294): Illuminate\\Database\\Query\\Builder->Illuminate\\Database\\Query\\{closure}()
#7 C:\\Users\\elisa\\Dropbox\\PC\\Documents\\smt5\\pkl\\nama-proyek-anda\\vendor\\laravel\\framework\\src\\Illuminate\\Database\\Query\\Builder.php(2739): Illuminate\\Database\\Query\\Builder->onceWithColumns(Array, Object(Closure))
#8 C:\\Users\\elisa\\Dropbox\\PC\\Documents\\smt5\\pkl\\nama-proyek-anda\\vendor\\laravel\\framework\\src\\Illuminate\\Database\\Eloquent\\Builder.php(737): Illuminate\\Database\\Query\\Builder->get(Array)
#9 C:\\Users\\elisa\\Dropbox\\PC\\Documents\\smt5\\pkl\\nama-proyek-anda\\vendor\\laravel\\framework\\src\\Illuminate\\Database\\Eloquent\\Builder.php(721): Illuminate\\Database\\Eloquent\\Builder->getModels(Array)
#10 C:\\Users\\elisa\\Dropbox\\PC\\Documents\\smt5\\pkl\\nama-proyek-anda\\vendor\\laravel\\framework\\src\\Illuminate\\Database\\Concerns\\BuildsQueries.php(333): Illuminate\\Database\\Eloquent\\Builder->get(Array)
#11 C:\\Users\\elisa\\Dropbox\\PC\\Documents\\smt5\\pkl\\nama-proyek-anda\\vendor\\laravel\\framework\\src\\Illuminate\\Auth\\EloquentUserProvider.php(139): Illuminate\\Database\\Eloquent\\Builder->first()
#12 C:\\Users\\elisa\\Dropbox\\PC\\Documents\\smt5\\pkl\\nama-proyek-anda\\vendor\\laravel\\framework\\src\\Illuminate\\Auth\\SessionGuard.php(381): Illuminate\\Auth\\EloquentUserProvider->retrieveByCredentials(Array)
#13 C:\\Users\\elisa\\Dropbox\\PC\\Documents\\smt5\\pkl\\nama-proyek-anda\\vendor\\laravel\\framework\\src\\Illuminate\\Auth\\AuthManager.php(340): Illuminate\\Auth\\SessionGuard->attempt(Array)
#14 C:\\Users\\elisa\\Dropbox\\PC\\Documents\\smt5\\pkl\\nama-proyek-anda\\vendor\\laravel\\framework\\src\\Illuminate\\Support\\Facades\\Facade.php(355): Illuminate\\Auth\\AuthManager->__call('attempt', Array)
#15 C:\\Users\\elisa\\Dropbox\\PC\\Documents\\smt5\\pkl\\nama-proyek-anda\\app\\Http\\Controllers\\AuthController.php(21): Illuminate\\Support\\Facades\\Facade::__callStatic('attempt', Array)
#16 C:\\Users\\elisa\\Dropbox\\PC\\Documents\\smt5\\pkl\\nama-proyek-anda\\vendor\\laravel\\framework\\src\\Illuminate\\Routing\\Controller.php(54): App\\Http\\Controllers\\AuthController->authenticate(Object(App\\Http\\Requests\\LoginRequest))
#17 C:\\Users\\elisa\\Dropbox\\PC\\Documents\\smt5\\pkl\\nama-proyek-anda\\vendor\\laravel\\framework\\src\\Illuminate\\Routing\\ControllerDispatcher.php(43): Illuminate\\Routing\\Controller->callAction('authenticate', Array)
#18 C:\\Users\\elisa\\Dropbox\\PC\\Documents\\smt5\\pkl\\nama-proyek-anda\\vendor\\laravel\\framework\\src\\Illuminate\\Routing\\Route.php(259): Illuminate\\Routing\\ControllerDispatcher->dispatch(Object(Illuminate\\Routing\\Route), Object(App\\Http\\Controllers\\AuthController), 'authenticate')
#19 C:\\Users\\elisa\\Dropbox\\PC\\Documents\\smt5\\pkl\\nama-proyek-anda\\vendor\\laravel\\framework\\src\\Illuminate\\Routing\\Route.php(205): Illuminate\\Routing\\Route->runController()
#20 C:\\Users\\elisa\\Dropbox\\PC\\Documents\\smt5\\pkl\\nama-proyek-anda\\vendor\\laravel\\framework\\src\\Illuminate\\Routing\\Router.php(806): Illuminate\\Routing\\Route->run()
#21 C:\\Users\\elisa\\Dropbox\\PC\\Documents\\smt5\\pkl\\nama-proyek-anda\\vendor\\laravel\\framework\\src\\Illuminate\\Pipeline\\Pipeline.php(144): Illuminate\\Routing\\Router->Illuminate\\Routing\\{closure}(Object(Illuminate\\Http\\Request))
#22 C:\\Users\\elisa\\Dropbox\\PC\\Documents\\smt5\\pkl\\nama-proyek-anda\\vendor\\laravel\\framework\\src\\Illuminate\\Routing\\Middleware\\SubstituteBindings.php(50): Illuminate\\Pipeline\\Pipeline->Illuminate\\Pipeline\\{closure}(Object(Illuminate\\Http\\Request))
#23 C:\\Users\\elisa\\Dropbox\\PC\\Documents\\smt5\\pkl\\nama-proyek-anda\\vendor\\laravel\\framework\\src\\Illuminate\\Pipeline\\Pipeline.php(183): Illuminate\\Routing\\Middleware\\SubstituteBindings->handle(Object(Illuminate\\Http\\Request), Object(Closure))
#24 C:\\Users\\elisa\\Dropbox\\PC\\Documents\\smt5\\pkl\\nama-proyek-anda\\vendor\\laravel\\framework\\src\\Illuminate\\Foundation\\Http\\Middleware\\VerifyCsrfToken.php(78): Illuminate\\Pipeline\\Pipeline->Illuminate\\Pipeline\\{closure}(Object(Illuminate\\Http\\Request))
#25 C:\\Users\\elisa\\Dropbox\\PC\\Documents\\smt5\\pkl\\nama-proyek-anda\\vendor\\laravel\\framework\\src\\Illuminate\\Pipeline\\Pipeline.php(183): Illuminate\\Foundation\\Http\\Middleware\\VerifyCsrfToken->handle(Object(Illuminate\\Http\\Request), Object(Closure))
#26 C:\\Users\\elisa\\Dropbox\\PC\\Documents\\smt5\\pkl\\nama-proyek-anda\\vendor\\laravel\\framework\\src\\Illuminate\\View\\Middleware\\ShareErrorsFromSession.php(49): Illuminate\\Pipeline\\Pipeline->Illuminate\\Pipeline\\{closure}(Object(Illuminate\\Http\\Request))
#27 C:\\Users\\elisa\\Dropbox\\PC\\Documents\\smt5\\pkl\\nama-proyek-anda\\vendor\\laravel\\framework\\src\\Illuminate\\Pipeline\\Pipeline.php(183): Illuminate\\View\\Middleware\\ShareErrorsFromSession->handle(Object(Illuminate\\Http\\Request), Object(Closure))
#28 C:\\Users\\elisa\\Dropbox\\PC\\Documents\\smt5\\pkl\\nama-proyek-anda\\vendor\\laravel\\framework\\src\\Illuminate\\Session\\Middleware\\StartSession.php(121): Illuminate\\Pipeline\\Pipeline->Illuminate\\Pipeline\\{closure}(Object(Illuminate\\Http\\Request))
#29 C:\\Users\\elisa\\Dropbox\\PC\\Documents\\smt5\\pkl\\nama-proyek-anda\\vendor\\laravel\\framework\\src\\Illuminate\\Session\\Middleware\\StartSession.php(64): Illuminate\\Session\\Middleware\\StartSession->handleStatefulRequest(Object(Illuminate\\Http\\Request), Object(Illuminate\\Session\\Store), Object(Closure))
#30 C:\\Users\\elisa\\Dropbox\\PC\\Documents\\smt5\\pkl\\nama-proyek-anda\\vendor\\laravel\\framework\\src\\Illuminate\\Pipeline\\Pipeline.php(183): Illuminate\\Session\\Middleware\\StartSession->handle(Object(Illuminate\\Http\\Request), Object(Closure))
#31 C:\\Users\\elisa\\Dropbox\\PC\\Documents\\smt5\\pkl\\nama-proyek-anda\\vendor\\laravel\\framework\\src\\Illuminate\\Cookie\\Middleware\\AddQueuedCookiesToResponse.php(37): Illuminate\\Pipeline\\Pipeline->Illuminate\\Pipeline\\{closure}(Object(Illuminate\\Http\\Request))
#32 C:\\Users\\elisa\\Dropbox\\PC\\Documents\\smt5\\pkl\\nama-proyek-anda\\vendor\\laravel\\framework\\src\\Illuminate\\Pipeline\\Pipeline.php(183): Illuminate\\Cookie\\Middleware\\AddQueuedCookiesToResponse->handle(Object(Illuminate\\Http\\Request), Object(Closure))
#33 C:\\Users\\elisa\\Dropbox\\PC\\Documents\\smt5\\pkl\\nama-proyek-anda\\vendor\\laravel\\framework\\src\\Illuminate\\Cookie\\Middleware\\EncryptCookies.php(67): Illuminate\\Pipeline\\Pipeline->Illuminate\\Pipeline\\{closure}(Object(Illuminate\\Http\\Request))
#34 C:\\Users\\elisa\\Dropbox\\PC\\Documents\\smt5\\pkl\\nama-proyek-anda\\vendor\\laravel\\framework\\src\\Illuminate\\Pipeline\\Pipeline.php(183): Illuminate\\Cookie\\Middleware\\EncryptCookies->handle(Object(Illuminate\\Http\\Request), Object(Closure))
#35 C:\\Users\\elisa\\Dropbox\\PC\\Documents\\smt5\\pkl\\nama-proyek-anda\\vendor\\laravel\\framework\\src\\Illuminate\\Pipeline\\Pipeline.php(119): Illuminate\\Pipeline\\Pipeline->Illuminate\\Pipeline\\{closure}(Object(Illuminate\\Http\\Request))
#36 C:\\Users\\elisa\\Dropbox\\PC\\Documents\\smt5\\pkl\\nama-proyek-anda\\vendor\\laravel\\framework\\src\\Illuminate\\Routing\\Router.php(805): Illuminate\\Pipeline\\Pipeline->then(Object(Closure))
#37 C:\\Users\\elisa\\Dropbox\\PC\\Documents\\smt5\\pkl\\nama-proyek-anda\\vendor\\laravel\\framework\\src\\Illuminate\\Routing\\Router.php(784): Illuminate\\Routing\\Router->runRouteWithinStack(Object(Illuminate\\Routing\\Route), Object(Illuminate\\Http\\Request))
#38 C:\\Users\\elisa\\Dropbox\\PC\\Documents\\smt5\\pkl\\nama-proyek-anda\\vendor\\laravel\\framework\\src\\Illuminate\\Routing\\Router.php(748): Illuminate\\Routing\\Router->runRoute(Object(Illuminate\\Http\\Request), Object(Illuminate\\Routing\\Route))
#39 C:\\Users\\elisa\\Dropbox\\PC\\Documents\\smt5\\pkl\\nama-proyek-anda\\vendor\\laravel\\framework\\src\\Illuminate\\Routing\\Router.php(737): Illuminate\\Routing\\Router->dispatchToRoute(Object(Illuminate\\Http\\Request))
#40 C:\\Users\\elisa\\Dropbox\\PC\\Documents\\smt5\\pkl\\nama-proyek-anda\\vendor\\laravel\\framework\\src\\Illuminate\\Foundation\\Http\\Kernel.php(200): Illuminate\\Routing\\Router->dispatch(Object(Illuminate\\Http\\Request))
#41 C:\\Users\\elisa\\Dropbox\\PC\\Documents\\smt5\\pkl\\nama-proyek-anda\\vendor\\laravel\\framework\\src\\Illuminate\\Pipeline\\Pipeline.php(144): Illuminate\\Foundation\\Http\\Kernel->Illuminate\\Foundation\\Http\\{closure}(Object(Illuminate\\Http\\Request))
#42 C:\\Users\\elisa\\Dropbox\\PC\\Documents\\smt5\\pkl\\nama-proyek-anda\\vendor\\laravel\\framework\\src\\Illuminate\\Foundation\\Http\\Middleware\\TransformsRequest.php(21): Illuminate\\Pipeline\\Pipeline->Illuminate\\Pipeline\\{closure}(Object(Illuminate\\Http\\Request))
#43 C:\\Users\\elisa\\Dropbox\\PC\\Documents\\smt5\\pkl\\nama-proyek-anda\\vendor\\laravel\\framework\\src\\Illuminate\\Foundation\\Http\\Middleware\\ConvertEmptyStringsToNull.php(31): Illuminate\\Foundation\\Http\\Middleware\\TransformsRequest->handle(Object(Illuminate\\Http\\Request), Object(Closure))
#44 C:\\Users\\elisa\\Dropbox\\PC\\Documents\\smt5\\pkl\\nama-proyek-anda\\vendor\\laravel\\framework\\src\\Illuminate\\Pipeline\\Pipeline.php(183): Illuminate\\Foundation\\Http\\Middleware\\ConvertEmptyStringsToNull->handle(Object(Illuminate\\Http\\Request), Object(Closure))
#45 C:\\Users\\elisa\\Dropbox\\PC\\Documents\\smt5\\pkl\\nama-proyek-anda\\vendor\\laravel\\framework\\src\\Illuminate\\Foundation\\Http\\Middleware\\TransformsRequest.php(21): Illuminate\\Pipeline\\Pipeline->Illuminate\\Pipeline\\{closure}(Object(Illuminate\\Http\\Request))
#46 C:\\Users\\elisa\\Dropbox\\PC\\Documents\\smt5\\pkl\\nama-proyek-anda\\vendor\\laravel\\framework\\src\\Illuminate\\Foundation\\Http\\Middleware\\TrimStrings.php(40): Illuminate\\Foundation\\Http\\Middleware\\TransformsRequest->handle(Object(Illuminate\\Http\\Request), Object(Closure))
#47 C:\\Users\\elisa\\Dropbox\\PC\\Documents\\smt5\\pkl\\nama-proyek-anda\\vendor\\laravel\\framework\\src\\Illuminate\\Pipeline\\Pipeline.php(183): Illuminate\\Foundation\\Http\\Middleware\\TrimStrings->handle(Object(Illuminate\\Http\\Request), Object(Closure))
#48 C:\\Users\\elisa\\Dropbox\\PC\\Documents\\smt5\\pkl\\nama-proyek-anda\\vendor\\laravel\\framework\\src\\Illuminate\\Foundation\\Http\\Middleware\\ValidatePostSize.php(27): Illuminate\\Pipeline\\Pipeline->Illuminate\\Pipeline\\{closure}(Object(Illuminate\\Http\\Request))
#49 C:\\Users\\elisa\\Dropbox\\PC\\Documents\\smt5\\pkl\\nama-proyek-anda\\vendor\\laravel\\framework\\src\\Illuminate\\Pipeline\\Pipeline.php(183): Illuminate\\Foundation\\Http\\Middleware\\ValidatePostSize->handle(Object(Illuminate\\Http\\Request), Object(Closure))
#50 C:\\Users\\elisa\\Dropbox\\PC\\Documents\\smt5\\pkl\\nama-proyek-anda\\vendor\\laravel\\framework\\src\\Illuminate\\Foundation\\Http\\Middleware\\PreventRequestsDuringMaintenance.php(99): Illuminate\\Pipeline\\Pipeline->Illuminate\\Pipeline\\{closure}(Object(Illuminate\\Http\\Request))
#51 C:\\Users\\elisa\\Dropbox\\PC\\Documents\\smt5\\pkl\\nama-proyek-anda\\vendor\\laravel\\framework\\src\\Illuminate\\Pipeline\\Pipeline.php(183): Illuminate\\Foundation\\Http\\Middleware\\PreventRequestsDuringMaintenance->handle(Object(Illuminate\\Http\\Request), Object(Closure))
#52 C:\\Users\\elisa\\Dropbox\\PC\\Documents\\smt5\\pkl\\nama-proyek-anda\\vendor\\laravel\\framework\\src\\Illuminate\\Http\\Middleware\\HandleCors.php(49): Illuminate\\Pipeline\\Pipeline->Illuminate\\Pipeline\\{closure}(Object(Illuminate\\Http\\Request))
#53 C:\\Users\\elisa\\Dropbox\\PC\\Documents\\smt5\\pkl\\nama-proyek-anda\\vendor\\laravel\\framework\\src\\Illuminate\\Pipeline\\Pipeline.php(183): Illuminate\\Http\\Middleware\\HandleCors->handle(Object(Illuminate\\Http\\Request), Object(Closure))
#54 C:\\Users\\elisa\\Dropbox\\PC\\Documents\\smt5\\pkl\\nama-proyek-anda\\vendor\\laravel\\framework\\src\\Illuminate\\Http\\Middleware\\TrustProxies.php(39): Illuminate\\Pipeline\\Pipeline->Illuminate\\Pipeline\\{closure}(Object(Illuminate\\Http\\Request))
#55 C:\\Users\\elisa\\Dropbox\\PC\\Documents\\smt5\\pkl\\nama-proyek-anda\\vendor\\laravel\\framework\\src\\Illuminate\\Pipeline\\Pipeline.php(183): Illuminate\\Http\\Middleware\\TrustProxies->handle(Object(Illuminate\\Http\\Request), Object(Closure))
#56 C:\\Users\\elisa\\Dropbox\\PC\\Documents\\smt5\\pkl\\nama-proyek-anda\\vendor\\laravel\\framework\\src\\Illuminate\\Pipeline\\Pipeline.php(119): Illuminate\\Pipeline\\Pipeline->Illuminate\\Pipeline\\{closure}(Object(Illuminate\\Http\\Request))
#57 C:\\Users\\elisa\\Dropbox\\PC\\Documents\\smt5\\pkl\\nama-proyek-anda\\vendor\\laravel\\framework\\src\\Illuminate\\Foundation\\Http\\Kernel.php(175): Illuminate\\Pipeline\\Pipeline->then(Object(Closure))
#58 C:\\Users\\elisa\\Dropbox\\PC\\Documents\\smt5\\pkl\\nama-proyek-anda\\vendor\\laravel\\framework\\src\\Illuminate\\Foundation\\Http\\Kernel.php(144): Illuminate\\Foundation\\Http\\Kernel->sendRequestThroughRouter(Object(Illuminate\\Http\\Request))
#59 C:\\Users\\elisa\\Dropbox\\PC\\Documents\\smt5\\pkl\\nama-proyek-anda\\public\\index.php(51): Illuminate\\Foundation\\Http\\Kernel->handle(Object(Illuminate\\Http\\Request))
#60 C:\\Users\\elisa\\Dropbox\\PC\\Documents\\smt5\\pkl\\nama-proyek-anda\\vendor\\laravel\\framework\\src\\Illuminate\\Foundation\\resources\\server.php(16): require_once('C:\\\\Users\\\\elisa\\\\...')
#61 {main}
"} 
[2024-01-03 05:38:42] local.ERROR: SQLSTATE[42S02]: Base table or view not found: 1146 Table 'pkl.users' doesn't exist (Connection: mysql, SQL: select * from `users` where `email` = admin@gmail.com limit 1) {"exception":"[object] (Illuminate\\Database\\QueryException(code: 42S02): SQLSTATE[42S02]: Base table or view not found: 1146 Table 'pkl.users' doesn't exist (Connection: mysql, SQL: select * from `users` where `email` = admin@gmail.com limit 1) at C:\\Users\\elisa\\Dropbox\\PC\\Documents\\smt5\\pkl\\nama-proyek-anda\\vendor\\laravel\\framework\\src\\Illuminate\\Database\\Connection.php:822)
[stacktrace]
#0 C:\\Users\\elisa\\Dropbox\\PC\\Documents\\smt5\\pkl\\nama-proyek-anda\\vendor\\laravel\\framework\\src\\Illuminate\\Database\\Connection.php(776): Illuminate\\Database\\Connection->runQueryCallback('select * from `...', Array, Object(Closure))
#1 C:\\Users\\elisa\\Dropbox\\PC\\Documents\\smt5\\pkl\\nama-proyek-anda\\vendor\\laravel\\framework\\src\\Illuminate\\Database\\Connection.php(407): Illuminate\\Database\\Connection->run('select * from `...', Array, Object(Closure))
#2 C:\\Users\\elisa\\Dropbox\\PC\\Documents\\smt5\\pkl\\nama-proyek-anda\\vendor\\laravel\\framework\\src\\Illuminate\\Database\\Query\\Builder.php(2751): Illuminate\\Database\\Connection->select('select * from `...', Array, true)
#3 C:\\Users\\elisa\\Dropbox\\PC\\Documents\\smt5\\pkl\\nama-proyek-anda\\vendor\\laravel\\framework\\src\\Illuminate\\Database\\Query\\Builder.php(2740): Illuminate\\Database\\Query\\Builder->runSelect()
#4 C:\\Users\\elisa\\Dropbox\\PC\\Documents\\smt5\\pkl\\nama-proyek-anda\\vendor\\laravel\\framework\\src\\Illuminate\\Database\\Query\\Builder.php(3294): Illuminate\\Database\\Query\\Builder->Illuminate\\Database\\Query\\{closure}()
#5 C:\\Users\\elisa\\Dropbox\\PC\\Documents\\smt5\\pkl\\nama-proyek-anda\\vendor\\laravel\\framework\\src\\Illuminate\\Database\\Query\\Builder.php(2739): Illuminate\\Database\\Query\\Builder->onceWithColumns(Array, Object(Closure))
#6 C:\\Users\\elisa\\Dropbox\\PC\\Documents\\smt5\\pkl\\nama-proyek-anda\\vendor\\laravel\\framework\\src\\Illuminate\\Database\\Eloquent\\Builder.php(737): Illuminate\\Database\\Query\\Builder->get(Array)
#7 C:\\Users\\elisa\\Dropbox\\PC\\Documents\\smt5\\pkl\\nama-proyek-anda\\vendor\\laravel\\framework\\src\\Illuminate\\Database\\Eloquent\\Builder.php(721): Illuminate\\Database\\Eloquent\\Builder->getModels(Array)
#8 C:\\Users\\elisa\\Dropbox\\PC\\Documents\\smt5\\pkl\\nama-proyek-anda\\vendor\\laravel\\framework\\src\\Illuminate\\Database\\Concerns\\BuildsQueries.php(333): Illuminate\\Database\\Eloquent\\Builder->get(Array)
#9 C:\\Users\\elisa\\Dropbox\\PC\\Documents\\smt5\\pkl\\nama-proyek-anda\\vendor\\laravel\\framework\\src\\Illuminate\\Auth\\EloquentUserProvider.php(139): Illuminate\\Database\\Eloquent\\Builder->first()
#10 C:\\Users\\elisa\\Dropbox\\PC\\Documents\\smt5\\pkl\\nama-proyek-anda\\vendor\\laravel\\framework\\src\\Illuminate\\Auth\\SessionGuard.php(381): Illuminate\\Auth\\EloquentUserProvider->retrieveByCredentials(Array)
#11 C:\\Users\\elisa\\Dropbox\\PC\\Documents\\smt5\\pkl\\nama-proyek-anda\\vendor\\laravel\\framework\\src\\Illuminate\\Auth\\AuthManager.php(340): Illuminate\\Auth\\SessionGuard->attempt(Array)
#12 C:\\Users\\elisa\\Dropbox\\PC\\Documents\\smt5\\pkl\\nama-proyek-anda\\vendor\\laravel\\framework\\src\\Illuminate\\Support\\Facades\\Facade.php(355): Illuminate\\Auth\\AuthManager->__call('attempt', Array)
#13 C:\\Users\\elisa\\Dropbox\\PC\\Documents\\smt5\\pkl\\nama-proyek-anda\\app\\Http\\Controllers\\AuthController.php(21): Illuminate\\Support\\Facades\\Facade::__callStatic('attempt', Array)
#14 C:\\Users\\elisa\\Dropbox\\PC\\Documents\\smt5\\pkl\\nama-proyek-anda\\vendor\\laravel\\framework\\src\\Illuminate\\Routing\\Controller.php(54): App\\Http\\Controllers\\AuthController->authenticate(Object(App\\Http\\Requests\\LoginRequest))
#15 C:\\Users\\elisa\\Dropbox\\PC\\Documents\\smt5\\pkl\\nama-proyek-anda\\vendor\\laravel\\framework\\src\\Illuminate\\Routing\\ControllerDispatcher.php(43): Illuminate\\Routing\\Controller->callAction('authenticate', Array)
#16 C:\\Users\\elisa\\Dropbox\\PC\\Documents\\smt5\\pkl\\nama-proyek-anda\\vendor\\laravel\\framework\\src\\Illuminate\\Routing\\Route.php(259): Illuminate\\Routing\\ControllerDispatcher->dispatch(Object(Illuminate\\Routing\\Route), Object(App\\Http\\Controllers\\AuthController), 'authenticate')
#17 C:\\Users\\elisa\\Dropbox\\PC\\Documents\\smt5\\pkl\\nama-proyek-anda\\vendor\\laravel\\framework\\src\\Illuminate\\Routing\\Route.php(205): Illuminate\\Routing\\Route->runController()
#18 C:\\Users\\elisa\\Dropbox\\PC\\Documents\\smt5\\pkl\\nama-proyek-anda\\vendor\\laravel\\framework\\src\\Illuminate\\Routing\\Router.php(806): Illuminate\\Routing\\Route->run()
#19 C:\\Users\\elisa\\Dropbox\\PC\\Documents\\smt5\\pkl\\nama-proyek-anda\\vendor\\laravel\\framework\\src\\Illuminate\\Pipeline\\Pipeline.php(144): Illuminate\\Routing\\Router->Illuminate\\Routing\\{closure}(Object(Illuminate\\Http\\Request))
#20 C:\\Users\\elisa\\Dropbox\\PC\\Documents\\smt5\\pkl\\nama-proyek-anda\\vendor\\laravel\\framework\\src\\Illuminate\\Routing\\Middleware\\SubstituteBindings.php(50): Illuminate\\Pipeline\\Pipeline->Illuminate\\Pipeline\\{closure}(Object(Illuminate\\Http\\Request))
#21 C:\\Users\\elisa\\Dropbox\\PC\\Documents\\smt5\\pkl\\nama-proyek-anda\\vendor\\laravel\\framework\\src\\Illuminate\\Pipeline\\Pipeline.php(183): Illuminate\\Routing\\Middleware\\SubstituteBindings->handle(Object(Illuminate\\Http\\Request), Object(Closure))
#22 C:\\Users\\elisa\\Dropbox\\PC\\Documents\\smt5\\pkl\\nama-proyek-anda\\vendor\\laravel\\framework\\src\\Illuminate\\Foundation\\Http\\Middleware\\VerifyCsrfToken.php(78): Illuminate\\Pipeline\\Pipeline->Illuminate\\Pipeline\\{closure}(Object(Illuminate\\Http\\Request))
#23 C:\\Users\\elisa\\Dropbox\\PC\\Documents\\smt5\\pkl\\nama-proyek-anda\\vendor\\laravel\\framework\\src\\Illuminate\\Pipeline\\Pipeline.php(183): Illuminate\\Foundation\\Http\\Middleware\\VerifyCsrfToken->handle(Object(Illuminate\\Http\\Request), Object(Closure))
#24 C:\\Users\\elisa\\Dropbox\\PC\\Documents\\smt5\\pkl\\nama-proyek-anda\\vendor\\laravel\\framework\\src\\Illuminate\\View\\Middleware\\ShareErrorsFromSession.php(49): Illuminate\\Pipeline\\Pipeline->Illuminate\\Pipeline\\{closure}(Object(Illuminate\\Http\\Request))
#25 C:\\Users\\elisa\\Dropbox\\PC\\Documents\\smt5\\pkl\\nama-proyek-anda\\vendor\\laravel\\framework\\src\\Illuminate\\Pipeline\\Pipeline.php(183): Illuminate\\View\\Middleware\\ShareErrorsFromSession->handle(Object(Illuminate\\Http\\Request), Object(Closure))
#26 C:\\Users\\elisa\\Dropbox\\PC\\Documents\\smt5\\pkl\\nama-proyek-anda\\vendor\\laravel\\framework\\src\\Illuminate\\Session\\Middleware\\StartSession.php(121): Illuminate\\Pipeline\\Pipeline->Illuminate\\Pipeline\\{closure}(Object(Illuminate\\Http\\Request))
#27 C:\\Users\\elisa\\Dropbox\\PC\\Documents\\smt5\\pkl\\nama-proyek-anda\\vendor\\laravel\\framework\\src\\Illuminate\\Session\\Middleware\\StartSession.php(64): Illuminate\\Session\\Middleware\\StartSession->handleStatefulRequest(Object(Illuminate\\Http\\Request), Object(Illuminate\\Session\\Store), Object(Closure))
#28 C:\\Users\\elisa\\Dropbox\\PC\\Documents\\smt5\\pkl\\nama-proyek-anda\\vendor\\laravel\\framework\\src\\Illuminate\\Pipeline\\Pipeline.php(183): Illuminate\\Session\\Middleware\\StartSession->handle(Object(Illuminate\\Http\\Request), Object(Closure))
#29 C:\\Users\\elisa\\Dropbox\\PC\\Documents\\smt5\\pkl\\nama-proyek-anda\\vendor\\laravel\\framework\\src\\Illuminate\\Cookie\\Middleware\\AddQueuedCookiesToResponse.php(37): Illuminate\\Pipeline\\Pipeline->Illuminate\\Pipeline\\{closure}(Object(Illuminate\\Http\\Request))
#30 C:\\Users\\elisa\\Dropbox\\PC\\Documents\\smt5\\pkl\\nama-proyek-anda\\vendor\\laravel\\framework\\src\\Illuminate\\Pipeline\\Pipeline.php(183): Illuminate\\Cookie\\Middleware\\AddQueuedCookiesToResponse->handle(Object(Illuminate\\Http\\Request), Object(Closure))
#31 C:\\Users\\elisa\\Dropbox\\PC\\Documents\\smt5\\pkl\\nama-proyek-anda\\vendor\\laravel\\framework\\src\\Illuminate\\Cookie\\Middleware\\EncryptCookies.php(67): Illuminate\\Pipeline\\Pipeline->Illuminate\\Pipeline\\{closure}(Object(Illuminate\\Http\\Request))
#32 C:\\Users\\elisa\\Dropbox\\PC\\Documents\\smt5\\pkl\\nama-proyek-anda\\vendor\\laravel\\framework\\src\\Illuminate\\Pipeline\\Pipeline.php(183): Illuminate\\Cookie\\Middleware\\EncryptCookies->handle(Object(Illuminate\\Http\\Request), Object(Closure))
#33 C:\\Users\\elisa\\Dropbox\\PC\\Documents\\smt5\\pkl\\nama-proyek-anda\\vendor\\laravel\\framework\\src\\Illuminate\\Pipeline\\Pipeline.php(119): Illuminate\\Pipeline\\Pipeline->Illuminate\\Pipeline\\{closure}(Object(Illuminate\\Http\\Request))
#34 C:\\Users\\elisa\\Dropbox\\PC\\Documents\\smt5\\pkl\\nama-proyek-anda\\vendor\\laravel\\framework\\src\\Illuminate\\Routing\\Router.php(805): Illuminate\\Pipeline\\Pipeline->then(Object(Closure))
#35 C:\\Users\\elisa\\Dropbox\\PC\\Documents\\smt5\\pkl\\nama-proyek-anda\\vendor\\laravel\\framework\\src\\Illuminate\\Routing\\Router.php(784): Illuminate\\Routing\\Router->runRouteWithinStack(Object(Illuminate\\Routing\\Route), Object(Illuminate\\Http\\Request))
#36 C:\\Users\\elisa\\Dropbox\\PC\\Documents\\smt5\\pkl\\nama-proyek-anda\\vendor\\laravel\\framework\\src\\Illuminate\\Routing\\Router.php(748): Illuminate\\Routing\\Router->runRoute(Object(Illuminate\\Http\\Request), Object(Illuminate\\Routing\\Route))
#37 C:\\Users\\elisa\\Dropbox\\PC\\Documents\\smt5\\pkl\\nama-proyek-anda\\vendor\\laravel\\framework\\src\\Illuminate\\Routing\\Router.php(737): Illuminate\\Routing\\Router->dispatchToRoute(Object(Illuminate\\Http\\Request))
#38 C:\\Users\\elisa\\Dropbox\\PC\\Documents\\smt5\\pkl\\nama-proyek-anda\\vendor\\laravel\\framework\\src\\Illuminate\\Foundation\\Http\\Kernel.php(200): Illuminate\\Routing\\Router->dispatch(Object(Illuminate\\Http\\Request))
#39 C:\\Users\\elisa\\Dropbox\\PC\\Documents\\smt5\\pkl\\nama-proyek-anda\\vendor\\laravel\\framework\\src\\Illuminate\\Pipeline\\Pipeline.php(144): Illuminate\\Foundation\\Http\\Kernel->Illuminate\\Foundation\\Http\\{closure}(Object(Illuminate\\Http\\Request))
#40 C:\\Users\\elisa\\Dropbox\\PC\\Documents\\smt5\\pkl\\nama-proyek-anda\\vendor\\laravel\\framework\\src\\Illuminate\\Foundation\\Http\\Middleware\\TransformsRequest.php(21): Illuminate\\Pipeline\\Pipeline->Illuminate\\Pipeline\\{closure}(Object(Illuminate\\Http\\Request))
#41 C:\\Users\\elisa\\Dropbox\\PC\\Documents\\smt5\\pkl\\nama-proyek-anda\\vendor\\laravel\\framework\\src\\Illuminate\\Foundation\\Http\\Middleware\\ConvertEmptyStringsToNull.php(31): Illuminate\\Foundation\\Http\\Middleware\\TransformsRequest->handle(Object(Illuminate\\Http\\Request), Object(Closure))
#42 C:\\Users\\elisa\\Dropbox\\PC\\Documents\\smt5\\pkl\\nama-proyek-anda\\vendor\\laravel\\framework\\src\\Illuminate\\Pipeline\\Pipeline.php(183): Illuminate\\Foundation\\Http\\Middleware\\ConvertEmptyStringsToNull->handle(Object(Illuminate\\Http\\Request), Object(Closure))
#43 C:\\Users\\elisa\\Dropbox\\PC\\Documents\\smt5\\pkl\\nama-proyek-anda\\vendor\\laravel\\framework\\src\\Illuminate\\Foundation\\Http\\Middleware\\TransformsRequest.php(21): Illuminate\\Pipeline\\Pipeline->Illuminate\\Pipeline\\{closure}(Object(Illuminate\\Http\\Request))
#44 C:\\Users\\elisa\\Dropbox\\PC\\Documents\\smt5\\pkl\\nama-proyek-anda\\vendor\\laravel\\framework\\src\\Illuminate\\Foundation\\Http\\Middleware\\TrimStrings.php(40): Illuminate\\Foundation\\Http\\Middleware\\TransformsRequest->handle(Object(Illuminate\\Http\\Request), Object(Closure))
#45 C:\\Users\\elisa\\Dropbox\\PC\\Documents\\smt5\\pkl\\nama-proyek-anda\\vendor\\laravel\\framework\\src\\Illuminate\\Pipeline\\Pipeline.php(183): Illuminate\\Foundation\\Http\\Middleware\\TrimStrings->handle(Object(Illuminate\\Http\\Request), Object(Closure))
#46 C:\\Users\\elisa\\Dropbox\\PC\\Documents\\smt5\\pkl\\nama-proyek-anda\\vendor\\laravel\\framework\\src\\Illuminate\\Foundation\\Http\\Middleware\\ValidatePostSize.php(27): Illuminate\\Pipeline\\Pipeline->Illuminate\\Pipeline\\{closure}(Object(Illuminate\\Http\\Request))
#47 C:\\Users\\elisa\\Dropbox\\PC\\Documents\\smt5\\pkl\\nama-proyek-anda\\vendor\\laravel\\framework\\src\\Illuminate\\Pipeline\\Pipeline.php(183): Illuminate\\Foundation\\Http\\Middleware\\ValidatePostSize->handle(Object(Illuminate\\Http\\Request), Object(Closure))
#48 C:\\Users\\elisa\\Dropbox\\PC\\Documents\\smt5\\pkl\\nama-proyek-anda\\vendor\\laravel\\framework\\src\\Illuminate\\Foundation\\Http\\Middleware\\PreventRequestsDuringMaintenance.php(99): Illuminate\\Pipeline\\Pipeline->Illuminate\\Pipeline\\{closure}(Object(Illuminate\\Http\\Request))
#49 C:\\Users\\elisa\\Dropbox\\PC\\Documents\\smt5\\pkl\\nama-proyek-anda\\vendor\\laravel\\framework\\src\\Illuminate\\Pipeline\\Pipeline.php(183): Illuminate\\Foundation\\Http\\Middleware\\PreventRequestsDuringMaintenance->handle(Object(Illuminate\\Http\\Request), Object(Closure))
#50 C:\\Users\\elisa\\Dropbox\\PC\\Documents\\smt5\\pkl\\nama-proyek-anda\\vendor\\laravel\\framework\\src\\Illuminate\\Http\\Middleware\\HandleCors.php(49): Illuminate\\Pipeline\\Pipeline->Illuminate\\Pipeline\\{closure}(Object(Illuminate\\Http\\Request))
#51 C:\\Users\\elisa\\Dropbox\\PC\\Documents\\smt5\\pkl\\nama-proyek-anda\\vendor\\laravel\\framework\\src\\Illuminate\\Pipeline\\Pipeline.php(183): Illuminate\\Http\\Middleware\\HandleCors->handle(Object(Illuminate\\Http\\Request), Object(Closure))
#52 C:\\Users\\elisa\\Dropbox\\PC\\Documents\\smt5\\pkl\\nama-proyek-anda\\vendor\\laravel\\framework\\src\\Illuminate\\Http\\Middleware\\TrustProxies.php(39): Illuminate\\Pipeline\\Pipeline->Illuminate\\Pipeline\\{closure}(Object(Illuminate\\Http\\Request))
#53 C:\\Users\\elisa\\Dropbox\\PC\\Documents\\smt5\\pkl\\nama-proyek-anda\\vendor\\laravel\\framework\\src\\Illuminate\\Pipeline\\Pipeline.php(183): Illuminate\\Http\\Middleware\\TrustProxies->handle(Object(Illuminate\\Http\\Request), Object(Closure))
#54 C:\\Users\\elisa\\Dropbox\\PC\\Documents\\smt5\\pkl\\nama-proyek-anda\\vendor\\laravel\\framework\\src\\Illuminate\\Pipeline\\Pipeline.php(119): Illuminate\\Pipeline\\Pipeline->Illuminate\\Pipeline\\{closure}(Object(Illuminate\\Http\\Request))
#55 C:\\Users\\elisa\\Dropbox\\PC\\Documents\\smt5\\pkl\\nama-proyek-anda\\vendor\\laravel\\framework\\src\\Illuminate\\Foundation\\Http\\Kernel.php(175): Illuminate\\Pipeline\\Pipeline->then(Object(Closure))
#56 C:\\Users\\elisa\\Dropbox\\PC\\Documents\\smt5\\pkl\\nama-proyek-anda\\vendor\\laravel\\framework\\src\\Illuminate\\Foundation\\Http\\Kernel.php(144): Illuminate\\Foundation\\Http\\Kernel->sendRequestThroughRouter(Object(Illuminate\\Http\\Request))
#57 C:\\Users\\elisa\\Dropbox\\PC\\Documents\\smt5\\pkl\\nama-proyek-anda\\public\\index.php(51): Illuminate\\Foundation\\Http\\Kernel->handle(Object(Illuminate\\Http\\Request))
#58 C:\\Users\\elisa\\Dropbox\\PC\\Documents\\smt5\\pkl\\nama-proyek-anda\\vendor\\laravel\\framework\\src\\Illuminate\\Foundation\\resources\\server.php(16): require_once('C:\\\\Users\\\\elisa\\\\...')
#59 {main}

[previous exception] [object] (PDOException(code: 42S02): SQLSTATE[42S02]: Base table or view not found: 1146 Table 'pkl.users' doesn't exist at C:\\Users\\elisa\\Dropbox\\PC\\Documents\\smt5\\pkl\\nama-proyek-anda\\vendor\\laravel\\framework\\src\\Illuminate\\Database\\Connection.php:416)
[stacktrace]
#0 C:\\Users\\elisa\\Dropbox\\PC\\Documents\\smt5\\pkl\\nama-proyek-anda\\vendor\\laravel\\framework\\src\\Illuminate\\Database\\Connection.php(416): PDO->prepare('select * from `...')
#1 C:\\Users\\elisa\\Dropbox\\PC\\Documents\\smt5\\pkl\\nama-proyek-anda\\vendor\\laravel\\framework\\src\\Illuminate\\Database\\Connection.php(809): Illuminate\\Database\\Connection->Illuminate\\Database\\{closure}('select * from `...', Array)
#2 C:\\Users\\elisa\\Dropbox\\PC\\Documents\\smt5\\pkl\\nama-proyek-anda\\vendor\\laravel\\framework\\src\\Illuminate\\Database\\Connection.php(776): Illuminate\\Database\\Connection->runQueryCallback('select * from `...', Array, Object(Closure))
#3 C:\\Users\\elisa\\Dropbox\\PC\\Documents\\smt5\\pkl\\nama-proyek-anda\\vendor\\laravel\\framework\\src\\Illuminate\\Database\\Connection.php(407): Illuminate\\Database\\Connection->run('select * from `...', Array, Object(Closure))
#4 C:\\Users\\elisa\\Dropbox\\PC\\Documents\\smt5\\pkl\\nama-proyek-anda\\vendor\\laravel\\framework\\src\\Illuminate\\Database\\Query\\Builder.php(2751): Illuminate\\Database\\Connection->select('select * from `...', Array, true)
#5 C:\\Users\\elisa\\Dropbox\\PC\\Documents\\smt5\\pkl\\nama-proyek-anda\\vendor\\laravel\\framework\\src\\Illuminate\\Database\\Query\\Builder.php(2740): Illuminate\\Database\\Query\\Builder->runSelect()
#6 C:\\Users\\elisa\\Dropbox\\PC\\Documents\\smt5\\pkl\\nama-proyek-anda\\vendor\\laravel\\framework\\src\\Illuminate\\Database\\Query\\Builder.php(3294): Illuminate\\Database\\Query\\Builder->Illuminate\\Database\\Query\\{closure}()
#7 C:\\Users\\elisa\\Dropbox\\PC\\Documents\\smt5\\pkl\\nama-proyek-anda\\vendor\\laravel\\framework\\src\\Illuminate\\Database\\Query\\Builder.php(2739): Illuminate\\Database\\Query\\Builder->onceWithColumns(Array, Object(Closure))
#8 C:\\Users\\elisa\\Dropbox\\PC\\Documents\\smt5\\pkl\\nama-proyek-anda\\vendor\\laravel\\framework\\src\\Illuminate\\Database\\Eloquent\\Builder.php(737): Illuminate\\Database\\Query\\Builder->get(Array)
#9 C:\\Users\\elisa\\Dropbox\\PC\\Documents\\smt5\\pkl\\nama-proyek-anda\\vendor\\laravel\\framework\\src\\Illuminate\\Database\\Eloquent\\Builder.php(721): Illuminate\\Database\\Eloquent\\Builder->getModels(Array)
#10 C:\\Users\\elisa\\Dropbox\\PC\\Documents\\smt5\\pkl\\nama-proyek-anda\\vendor\\laravel\\framework\\src\\Illuminate\\Database\\Concerns\\BuildsQueries.php(333): Illuminate\\Database\\Eloquent\\Builder->get(Array)
#11 C:\\Users\\elisa\\Dropbox\\PC\\Documents\\smt5\\pkl\\nama-proyek-anda\\vendor\\laravel\\framework\\src\\Illuminate\\Auth\\EloquentUserProvider.php(139): Illuminate\\Database\\Eloquent\\Builder->first()
#12 C:\\Users\\elisa\\Dropbox\\PC\\Documents\\smt5\\pkl\\nama-proyek-anda\\vendor\\laravel\\framework\\src\\Illuminate\\Auth\\SessionGuard.php(381): Illuminate\\Auth\\EloquentUserProvider->retrieveByCredentials(Array)
#13 C:\\Users\\elisa\\Dropbox\\PC\\Documents\\smt5\\pkl\\nama-proyek-anda\\vendor\\laravel\\framework\\src\\Illuminate\\Auth\\AuthManager.php(340): Illuminate\\Auth\\SessionGuard->attempt(Array)
#14 C:\\Users\\elisa\\Dropbox\\PC\\Documents\\smt5\\pkl\\nama-proyek-anda\\vendor\\laravel\\framework\\src\\Illuminate\\Support\\Facades\\Facade.php(355): Illuminate\\Auth\\AuthManager->__call('attempt', Array)
#15 C:\\Users\\elisa\\Dropbox\\PC\\Documents\\smt5\\pkl\\nama-proyek-anda\\app\\Http\\Controllers\\AuthController.php(21): Illuminate\\Support\\Facades\\Facade::__callStatic('attempt', Array)
#16 C:\\Users\\elisa\\Dropbox\\PC\\Documents\\smt5\\pkl\\nama-proyek-anda\\vendor\\laravel\\framework\\src\\Illuminate\\Routing\\Controller.php(54): App\\Http\\Controllers\\AuthController->authenticate(Object(App\\Http\\Requests\\LoginRequest))
#17 C:\\Users\\elisa\\Dropbox\\PC\\Documents\\smt5\\pkl\\nama-proyek-anda\\vendor\\laravel\\framework\\src\\Illuminate\\Routing\\ControllerDispatcher.php(43): Illuminate\\Routing\\Controller->callAction('authenticate', Array)
#18 C:\\Users\\elisa\\Dropbox\\PC\\Documents\\smt5\\pkl\\nama-proyek-anda\\vendor\\laravel\\framework\\src\\Illuminate\\Routing\\Route.php(259): Illuminate\\Routing\\ControllerDispatcher->dispatch(Object(Illuminate\\Routing\\Route), Object(App\\Http\\Controllers\\AuthController), 'authenticate')
#19 C:\\Users\\elisa\\Dropbox\\PC\\Documents\\smt5\\pkl\\nama-proyek-anda\\vendor\\laravel\\framework\\src\\Illuminate\\Routing\\Route.php(205): Illuminate\\Routing\\Route->runController()
#20 C:\\Users\\elisa\\Dropbox\\PC\\Documents\\smt5\\pkl\\nama-proyek-anda\\vendor\\laravel\\framework\\src\\Illuminate\\Routing\\Router.php(806): Illuminate\\Routing\\Route->run()
#21 C:\\Users\\elisa\\Dropbox\\PC\\Documents\\smt5\\pkl\\nama-proyek-anda\\vendor\\laravel\\framework\\src\\Illuminate\\Pipeline\\Pipeline.php(144): Illuminate\\Routing\\Router->Illuminate\\Routing\\{closure}(Object(Illuminate\\Http\\Request))
#22 C:\\Users\\elisa\\Dropbox\\PC\\Documents\\smt5\\pkl\\nama-proyek-anda\\vendor\\laravel\\framework\\src\\Illuminate\\Routing\\Middleware\\SubstituteBindings.php(50): Illuminate\\Pipeline\\Pipeline->Illuminate\\Pipeline\\{closure}(Object(Illuminate\\Http\\Request))
#23 C:\\Users\\elisa\\Dropbox\\PC\\Documents\\smt5\\pkl\\nama-proyek-anda\\vendor\\laravel\\framework\\src\\Illuminate\\Pipeline\\Pipeline.php(183): Illuminate\\Routing\\Middleware\\SubstituteBindings->handle(Object(Illuminate\\Http\\Request), Object(Closure))
#24 C:\\Users\\elisa\\Dropbox\\PC\\Documents\\smt5\\pkl\\nama-proyek-anda\\vendor\\laravel\\framework\\src\\Illuminate\\Foundation\\Http\\Middleware\\VerifyCsrfToken.php(78): Illuminate\\Pipeline\\Pipeline->Illuminate\\Pipeline\\{closure}(Object(Illuminate\\Http\\Request))
#25 C:\\Users\\elisa\\Dropbox\\PC\\Documents\\smt5\\pkl\\nama-proyek-anda\\vendor\\laravel\\framework\\src\\Illuminate\\Pipeline\\Pipeline.php(183): Illuminate\\Foundation\\Http\\Middleware\\VerifyCsrfToken->handle(Object(Illuminate\\Http\\Request), Object(Closure))
#26 C:\\Users\\elisa\\Dropbox\\PC\\Documents\\smt5\\pkl\\nama-proyek-anda\\vendor\\laravel\\framework\\src\\Illuminate\\View\\Middleware\\ShareErrorsFromSession.php(49): Illuminate\\Pipeline\\Pipeline->Illuminate\\Pipeline\\{closure}(Object(Illuminate\\Http\\Request))
#27 C:\\Users\\elisa\\Dropbox\\PC\\Documents\\smt5\\pkl\\nama-proyek-anda\\vendor\\laravel\\framework\\src\\Illuminate\\Pipeline\\Pipeline.php(183): Illuminate\\View\\Middleware\\ShareErrorsFromSession->handle(Object(Illuminate\\Http\\Request), Object(Closure))
#28 C:\\Users\\elisa\\Dropbox\\PC\\Documents\\smt5\\pkl\\nama-proyek-anda\\vendor\\laravel\\framework\\src\\Illuminate\\Session\\Middleware\\StartSession.php(121): Illuminate\\Pipeline\\Pipeline->Illuminate\\Pipeline\\{closure}(Object(Illuminate\\Http\\Request))
#29 C:\\Users\\elisa\\Dropbox\\PC\\Documents\\smt5\\pkl\\nama-proyek-anda\\vendor\\laravel\\framework\\src\\Illuminate\\Session\\Middleware\\StartSession.php(64): Illuminate\\Session\\Middleware\\StartSession->handleStatefulRequest(Object(Illuminate\\Http\\Request), Object(Illuminate\\Session\\Store), Object(Closure))
#30 C:\\Users\\elisa\\Dropbox\\PC\\Documents\\smt5\\pkl\\nama-proyek-anda\\vendor\\laravel\\framework\\src\\Illuminate\\Pipeline\\Pipeline.php(183): Illuminate\\Session\\Middleware\\StartSession->handle(Object(Illuminate\\Http\\Request), Object(Closure))
#31 C:\\Users\\elisa\\Dropbox\\PC\\Documents\\smt5\\pkl\\nama-proyek-anda\\vendor\\laravel\\framework\\src\\Illuminate\\Cookie\\Middleware\\AddQueuedCookiesToResponse.php(37): Illuminate\\Pipeline\\Pipeline->Illuminate\\Pipeline\\{closure}(Object(Illuminate\\Http\\Request))
#32 C:\\Users\\elisa\\Dropbox\\PC\\Documents\\smt5\\pkl\\nama-proyek-anda\\vendor\\laravel\\framework\\src\\Illuminate\\Pipeline\\Pipeline.php(183): Illuminate\\Cookie\\Middleware\\AddQueuedCookiesToResponse->handle(Object(Illuminate\\Http\\Request), Object(Closure))
#33 C:\\Users\\elisa\\Dropbox\\PC\\Documents\\smt5\\pkl\\nama-proyek-anda\\vendor\\laravel\\framework\\src\\Illuminate\\Cookie\\Middleware\\EncryptCookies.php(67): Illuminate\\Pipeline\\Pipeline->Illuminate\\Pipeline\\{closure}(Object(Illuminate\\Http\\Request))
#34 C:\\Users\\elisa\\Dropbox\\PC\\Documents\\smt5\\pkl\\nama-proyek-anda\\vendor\\laravel\\framework\\src\\Illuminate\\Pipeline\\Pipeline.php(183): Illuminate\\Cookie\\Middleware\\EncryptCookies->handle(Object(Illuminate\\Http\\Request), Object(Closure))
#35 C:\\Users\\elisa\\Dropbox\\PC\\Documents\\smt5\\pkl\\nama-proyek-anda\\vendor\\laravel\\framework\\src\\Illuminate\\Pipeline\\Pipeline.php(119): Illuminate\\Pipeline\\Pipeline->Illuminate\\Pipeline\\{closure}(Object(Illuminate\\Http\\Request))
#36 C:\\Users\\elisa\\Dropbox\\PC\\Documents\\smt5\\pkl\\nama-proyek-anda\\vendor\\laravel\\framework\\src\\Illuminate\\Routing\\Router.php(805): Illuminate\\Pipeline\\Pipeline->then(Object(Closure))
#37 C:\\Users\\elisa\\Dropbox\\PC\\Documents\\smt5\\pkl\\nama-proyek-anda\\vendor\\laravel\\framework\\src\\Illuminate\\Routing\\Router.php(784): Illuminate\\Routing\\Router->runRouteWithinStack(Object(Illuminate\\Routing\\Route), Object(Illuminate\\Http\\Request))
#38 C:\\Users\\elisa\\Dropbox\\PC\\Documents\\smt5\\pkl\\nama-proyek-anda\\vendor\\laravel\\framework\\src\\Illuminate\\Routing\\Router.php(748): Illuminate\\Routing\\Router->runRoute(Object(Illuminate\\Http\\Request), Object(Illuminate\\Routing\\Route))
#39 C:\\Users\\elisa\\Dropbox\\PC\\Documents\\smt5\\pkl\\nama-proyek-anda\\vendor\\laravel\\framework\\src\\Illuminate\\Routing\\Router.php(737): Illuminate\\Routing\\Router->dispatchToRoute(Object(Illuminate\\Http\\Request))
#40 C:\\Users\\elisa\\Dropbox\\PC\\Documents\\smt5\\pkl\\nama-proyek-anda\\vendor\\laravel\\framework\\src\\Illuminate\\Foundation\\Http\\Kernel.php(200): Illuminate\\Routing\\Router->dispatch(Object(Illuminate\\Http\\Request))
#41 C:\\Users\\elisa\\Dropbox\\PC\\Documents\\smt5\\pkl\\nama-proyek-anda\\vendor\\laravel\\framework\\src\\Illuminate\\Pipeline\\Pipeline.php(144): Illuminate\\Foundation\\Http\\Kernel->Illuminate\\Foundation\\Http\\{closure}(Object(Illuminate\\Http\\Request))
#42 C:\\Users\\elisa\\Dropbox\\PC\\Documents\\smt5\\pkl\\nama-proyek-anda\\vendor\\laravel\\framework\\src\\Illuminate\\Foundation\\Http\\Middleware\\TransformsRequest.php(21): Illuminate\\Pipeline\\Pipeline->Illuminate\\Pipeline\\{closure}(Object(Illuminate\\Http\\Request))
#43 C:\\Users\\elisa\\Dropbox\\PC\\Documents\\smt5\\pkl\\nama-proyek-anda\\vendor\\laravel\\framework\\src\\Illuminate\\Foundation\\Http\\Middleware\\ConvertEmptyStringsToNull.php(31): Illuminate\\Foundation\\Http\\Middleware\\TransformsRequest->handle(Object(Illuminate\\Http\\Request), Object(Closure))
#44 C:\\Users\\elisa\\Dropbox\\PC\\Documents\\smt5\\pkl\\nama-proyek-anda\\vendor\\laravel\\framework\\src\\Illuminate\\Pipeline\\Pipeline.php(183): Illuminate\\Foundation\\Http\\Middleware\\ConvertEmptyStringsToNull->handle(Object(Illuminate\\Http\\Request), Object(Closure))
#45 C:\\Users\\elisa\\Dropbox\\PC\\Documents\\smt5\\pkl\\nama-proyek-anda\\vendor\\laravel\\framework\\src\\Illuminate\\Foundation\\Http\\Middleware\\TransformsRequest.php(21): Illuminate\\Pipeline\\Pipeline->Illuminate\\Pipeline\\{closure}(Object(Illuminate\\Http\\Request))
#46 C:\\Users\\elisa\\Dropbox\\PC\\Documents\\smt5\\pkl\\nama-proyek-anda\\vendor\\laravel\\framework\\src\\Illuminate\\Foundation\\Http\\Middleware\\TrimStrings.php(40): Illuminate\\Foundation\\Http\\Middleware\\TransformsRequest->handle(Object(Illuminate\\Http\\Request), Object(Closure))
#47 C:\\Users\\elisa\\Dropbox\\PC\\Documents\\smt5\\pkl\\nama-proyek-anda\\vendor\\laravel\\framework\\src\\Illuminate\\Pipeline\\Pipeline.php(183): Illuminate\\Foundation\\Http\\Middleware\\TrimStrings->handle(Object(Illuminate\\Http\\Request), Object(Closure))
#48 C:\\Users\\elisa\\Dropbox\\PC\\Documents\\smt5\\pkl\\nama-proyek-anda\\vendor\\laravel\\framework\\src\\Illuminate\\Foundation\\Http\\Middleware\\ValidatePostSize.php(27): Illuminate\\Pipeline\\Pipeline->Illuminate\\Pipeline\\{closure}(Object(Illuminate\\Http\\Request))
#49 C:\\Users\\elisa\\Dropbox\\PC\\Documents\\smt5\\pkl\\nama-proyek-anda\\vendor\\laravel\\framework\\src\\Illuminate\\Pipeline\\Pipeline.php(183): Illuminate\\Foundation\\Http\\Middleware\\ValidatePostSize->handle(Object(Illuminate\\Http\\Request), Object(Closure))
#50 C:\\Users\\elisa\\Dropbox\\PC\\Documents\\smt5\\pkl\\nama-proyek-anda\\vendor\\laravel\\framework\\src\\Illuminate\\Foundation\\Http\\Middleware\\PreventRequestsDuringMaintenance.php(99): Illuminate\\Pipeline\\Pipeline->Illuminate\\Pipeline\\{closure}(Object(Illuminate\\Http\\Request))
#51 C:\\Users\\elisa\\Dropbox\\PC\\Documents\\smt5\\pkl\\nama-proyek-anda\\vendor\\laravel\\framework\\src\\Illuminate\\Pipeline\\Pipeline.php(183): Illuminate\\Foundation\\Http\\Middleware\\PreventRequestsDuringMaintenance->handle(Object(Illuminate\\Http\\Request), Object(Closure))
#52 C:\\Users\\elisa\\Dropbox\\PC\\Documents\\smt5\\pkl\\nama-proyek-anda\\vendor\\laravel\\framework\\src\\Illuminate\\Http\\Middleware\\HandleCors.php(49): Illuminate\\Pipeline\\Pipeline->Illuminate\\Pipeline\\{closure}(Object(Illuminate\\Http\\Request))
#53 C:\\Users\\elisa\\Dropbox\\PC\\Documents\\smt5\\pkl\\nama-proyek-anda\\vendor\\laravel\\framework\\src\\Illuminate\\Pipeline\\Pipeline.php(183): Illuminate\\Http\\Middleware\\HandleCors->handle(Object(Illuminate\\Http\\Request), Object(Closure))
#54 C:\\Users\\elisa\\Dropbox\\PC\\Documents\\smt5\\pkl\\nama-proyek-anda\\vendor\\laravel\\framework\\src\\Illuminate\\Http\\Middleware\\TrustProxies.php(39): Illuminate\\Pipeline\\Pipeline->Illuminate\\Pipeline\\{closure}(Object(Illuminate\\Http\\Request))
#55 C:\\Users\\elisa\\Dropbox\\PC\\Documents\\smt5\\pkl\\nama-proyek-anda\\vendor\\laravel\\framework\\src\\Illuminate\\Pipeline\\Pipeline.php(183): Illuminate\\Http\\Middleware\\TrustProxies->handle(Object(Illuminate\\Http\\Request), Object(Closure))
#56 C:\\Users\\elisa\\Dropbox\\PC\\Documents\\smt5\\pkl\\nama-proyek-anda\\vendor\\laravel\\framework\\src\\Illuminate\\Pipeline\\Pipeline.php(119): Illuminate\\Pipeline\\Pipeline->Illuminate\\Pipeline\\{closure}(Object(Illuminate\\Http\\Request))
#57 C:\\Users\\elisa\\Dropbox\\PC\\Documents\\smt5\\pkl\\nama-proyek-anda\\vendor\\laravel\\framework\\src\\Illuminate\\Foundation\\Http\\Kernel.php(175): Illuminate\\Pipeline\\Pipeline->then(Object(Closure))
#58 C:\\Users\\elisa\\Dropbox\\PC\\Documents\\smt5\\pkl\\nama-proyek-anda\\vendor\\laravel\\framework\\src\\Illuminate\\Foundation\\Http\\Kernel.php(144): Illuminate\\Foundation\\Http\\Kernel->sendRequestThroughRouter(Object(Illuminate\\Http\\Request))
#59 C:\\Users\\elisa\\Dropbox\\PC\\Documents\\smt5\\pkl\\nama-proyek-anda\\public\\index.php(51): Illuminate\\Foundation\\Http\\Kernel->handle(Object(Illuminate\\Http\\Request))
#60 C:\\Users\\elisa\\Dropbox\\PC\\Documents\\smt5\\pkl\\nama-proyek-anda\\vendor\\laravel\\framework\\src\\Illuminate\\Foundation\\resources\\server.php(16): require_once('C:\\\\Users\\\\elisa\\\\...')
#61 {main}
"} 
[2024-01-03 06:02:28] local.ERROR: syntax error, unexpected token "::" {"exception":"[object] (ParseError(code: 0): syntax error, unexpected token \"::\" at C:\\Users\\elisa\\Dropbox\\PC\\Documents\\smt5\\pkl\\nama-proyek-anda\\routes\\web.php:28)
[stacktrace]
#0 C:\\Users\\elisa\\Dropbox\\PC\\Documents\\smt5\\pkl\\nama-proyek-anda\\vendor\\laravel\\framework\\src\\Illuminate\\Routing\\Router.php(511): Illuminate\\Routing\\RouteFileRegistrar->register('C:\\\\Users\\\\elisa\\\\...')
#1 C:\\Users\\elisa\\Dropbox\\PC\\Documents\\smt5\\pkl\\nama-proyek-anda\\vendor\\laravel\\framework\\src\\Illuminate\\Routing\\Router.php(465): Illuminate\\Routing\\Router->loadRoutes('C:\\\\Users\\\\elisa\\\\...')
#2 C:\\Users\\elisa\\Dropbox\\PC\\Documents\\smt5\\pkl\\nama-proyek-anda\\vendor\\laravel\\framework\\src\\Illuminate\\Routing\\RouteRegistrar.php(194): Illuminate\\Routing\\Router->group(Array, 'C:\\\\Users\\\\elisa\\\\...')
#3 C:\\Users\\elisa\\Dropbox\\PC\\Documents\\smt5\\pkl\\nama-proyek-anda\\app\\Providers\\RouteServiceProvider.php(37): Illuminate\\Routing\\RouteRegistrar->group('C:\\\\Users\\\\elisa\\\\...')
#4 C:\\Users\\elisa\\Dropbox\\PC\\Documents\\smt5\\pkl\\nama-proyek-anda\\vendor\\laravel\\framework\\src\\Illuminate\\Container\\BoundMethod.php(36): App\\Providers\\RouteServiceProvider->App\\Providers\\{closure}()
#5 C:\\Users\\elisa\\Dropbox\\PC\\Documents\\smt5\\pkl\\nama-proyek-anda\\vendor\\laravel\\framework\\src\\Illuminate\\Container\\Util.php(41): Illuminate\\Container\\BoundMethod::Illuminate\\Container\\{closure}()
#6 C:\\Users\\elisa\\Dropbox\\PC\\Documents\\smt5\\pkl\\nama-proyek-anda\\vendor\\laravel\\framework\\src\\Illuminate\\Container\\BoundMethod.php(81): Illuminate\\Container\\Util::unwrapIfClosure(Object(Closure))
#7 C:\\Users\\elisa\\Dropbox\\PC\\Documents\\smt5\\pkl\\nama-proyek-anda\\vendor\\laravel\\framework\\src\\Illuminate\\Container\\BoundMethod.php(35): Illuminate\\Container\\BoundMethod::callBoundMethod(Object(Illuminate\\Foundation\\Application), Object(Closure), Object(Closure))
#8 C:\\Users\\elisa\\Dropbox\\PC\\Documents\\smt5\\pkl\\nama-proyek-anda\\vendor\\laravel\\framework\\src\\Illuminate\\Container\\Container.php(662): Illuminate\\Container\\BoundMethod::call(Object(Illuminate\\Foundation\\Application), Object(Closure), Array, NULL)
#9 C:\\Users\\elisa\\Dropbox\\PC\\Documents\\smt5\\pkl\\nama-proyek-anda\\vendor\\laravel\\framework\\src\\Illuminate\\Foundation\\Support\\Providers\\RouteServiceProvider.php(120): Illuminate\\Container\\Container->call(Object(Closure))
#10 C:\\Users\\elisa\\Dropbox\\PC\\Documents\\smt5\\pkl\\nama-proyek-anda\\vendor\\laravel\\framework\\src\\Illuminate\\Foundation\\Support\\Providers\\RouteServiceProvider.php(45): Illuminate\\Foundation\\Support\\Providers\\RouteServiceProvider->loadRoutes()
#11 C:\\Users\\elisa\\Dropbox\\PC\\Documents\\smt5\\pkl\\nama-proyek-anda\\vendor\\laravel\\framework\\src\\Illuminate\\Container\\BoundMethod.php(36): Illuminate\\Foundation\\Support\\Providers\\RouteServiceProvider->Illuminate\\Foundation\\Support\\Providers\\{closure}()
#12 C:\\Users\\elisa\\Dropbox\\PC\\Documents\\smt5\\pkl\\nama-proyek-anda\\vendor\\laravel\\framework\\src\\Illuminate\\Container\\Util.php(41): Illuminate\\Container\\BoundMethod::Illuminate\\Container\\{closure}()
#13 C:\\Users\\elisa\\Dropbox\\PC\\Documents\\smt5\\pkl\\nama-proyek-anda\\vendor\\laravel\\framework\\src\\Illuminate\\Container\\BoundMethod.php(81): Illuminate\\Container\\Util::unwrapIfClosure(Object(Closure))
#14 C:\\Users\\elisa\\Dropbox\\PC\\Documents\\smt5\\pkl\\nama-proyek-anda\\vendor\\laravel\\framework\\src\\Illuminate\\Container\\BoundMethod.php(35): Illuminate\\Container\\BoundMethod::callBoundMethod(Object(Illuminate\\Foundation\\Application), Object(Closure), Object(Closure))
#15 C:\\Users\\elisa\\Dropbox\\PC\\Documents\\smt5\\pkl\\nama-proyek-anda\\vendor\\laravel\\framework\\src\\Illuminate\\Container\\Container.php(662): Illuminate\\Container\\BoundMethod::call(Object(Illuminate\\Foundation\\Application), Object(Closure), Array, NULL)
#16 C:\\Users\\elisa\\Dropbox\\PC\\Documents\\smt5\\pkl\\nama-proyek-anda\\vendor\\laravel\\framework\\src\\Illuminate\\Support\\ServiceProvider.php(119): Illuminate\\Container\\Container->call(Object(Closure))
#17 C:\\Users\\elisa\\Dropbox\\PC\\Documents\\smt5\\pkl\\nama-proyek-anda\\vendor\\laravel\\framework\\src\\Illuminate\\Foundation\\Application.php(1033): Illuminate\\Support\\ServiceProvider->callBootedCallbacks()
#18 C:\\Users\\elisa\\Dropbox\\PC\\Documents\\smt5\\pkl\\nama-proyek-anda\\vendor\\laravel\\framework\\src\\Illuminate\\Foundation\\Application.php(1011): Illuminate\\Foundation\\Application->bootProvider(Object(App\\Providers\\RouteServiceProvider))
#19 [internal function]: Illuminate\\Foundation\\Application->Illuminate\\Foundation\\{closure}(Object(App\\Providers\\RouteServiceProvider), 23)
#20 C:\\Users\\elisa\\Dropbox\\PC\\Documents\\smt5\\pkl\\nama-proyek-anda\\vendor\\laravel\\framework\\src\\Illuminate\\Foundation\\Application.php(1010): array_walk(Array, Object(Closure))
#21 C:\\Users\\elisa\\Dropbox\\PC\\Documents\\smt5\\pkl\\nama-proyek-anda\\vendor\\laravel\\framework\\src\\Illuminate\\Foundation\\Bootstrap\\BootProviders.php(17): Illuminate\\Foundation\\Application->boot()
#22 C:\\Users\\elisa\\Dropbox\\PC\\Documents\\smt5\\pkl\\nama-proyek-anda\\vendor\\laravel\\framework\\src\\Illuminate\\Foundation\\Application.php(263): Illuminate\\Foundation\\Bootstrap\\BootProviders->bootstrap(Object(Illuminate\\Foundation\\Application))
#23 C:\\Users\\elisa\\Dropbox\\PC\\Documents\\smt5\\pkl\\nama-proyek-anda\\vendor\\laravel\\framework\\src\\Illuminate\\Foundation\\Http\\Kernel.php(186): Illuminate\\Foundation\\Application->bootstrapWith(Array)
#24 C:\\Users\\elisa\\Dropbox\\PC\\Documents\\smt5\\pkl\\nama-proyek-anda\\vendor\\laravel\\framework\\src\\Illuminate\\Foundation\\Http\\Kernel.php(170): Illuminate\\Foundation\\Http\\Kernel->bootstrap()
#25 C:\\Users\\elisa\\Dropbox\\PC\\Documents\\smt5\\pkl\\nama-proyek-anda\\vendor\\laravel\\framework\\src\\Illuminate\\Foundation\\Http\\Kernel.php(144): Illuminate\\Foundation\\Http\\Kernel->sendRequestThroughRouter(Object(Illuminate\\Http\\Request))
#26 C:\\Users\\elisa\\Dropbox\\PC\\Documents\\smt5\\pkl\\nama-proyek-anda\\public\\index.php(51): Illuminate\\Foundation\\Http\\Kernel->handle(Object(Illuminate\\Http\\Request))
#27 C:\\Users\\elisa\\Dropbox\\PC\\Documents\\smt5\\pkl\\nama-proyek-anda\\vendor\\laravel\\framework\\src\\Illuminate\\Foundation\\resources\\server.php(16): require_once('C:\\\\Users\\\\elisa\\\\...')
#28 {main}
"} 
[2024-01-03 06:02:40] local.ERROR: Cannot use App\Http\Controllers\AdminController as AdminController because the name is already in use {"exception":"[object] (Symfony\\Component\\ErrorHandler\\Error\\FatalError(code: 0): Cannot use App\\Http\\Controllers\\AdminController as AdminController because the name is already in use at C:\\Users\\elisa\\Dropbox\\PC\\Documents\\smt5\\pkl\\nama-proyek-anda\\routes\\web.php:4)
[stacktrace]
#0 {main}
"} 
[2024-01-03 06:38:47] local.ERROR: SQLSTATE[HY000] [1049] Unknown database 'pkl' (Connection: mysql, SQL: select * from `users` where `id` = 2 limit 1) {"exception":"[object] (Illuminate\\Database\\QueryException(code: 1049): SQLSTATE[HY000] [1049] Unknown database 'pkl' (Connection: mysql, SQL: select * from `users` where `id` = 2 limit 1) at C:\\Users\\elisa\\Dropbox\\PC\\Documents\\smt5\\pkl\\nama-proyek-anda\\vendor\\laravel\\framework\\src\\Illuminate\\Database\\Connection.php:822)
[stacktrace]
#0 C:\\Users\\elisa\\Dropbox\\PC\\Documents\\smt5\\pkl\\nama-proyek-anda\\vendor\\laravel\\framework\\src\\Illuminate\\Database\\Connection.php(776): Illuminate\\Database\\Connection->runQueryCallback('select * from `...', Array, Object(Closure))
#1 C:\\Users\\elisa\\Dropbox\\PC\\Documents\\smt5\\pkl\\nama-proyek-anda\\vendor\\laravel\\framework\\src\\Illuminate\\Database\\Connection.php(407): Illuminate\\Database\\Connection->run('select * from `...', Array, Object(Closure))
#2 C:\\Users\\elisa\\Dropbox\\PC\\Documents\\smt5\\pkl\\nama-proyek-anda\\vendor\\laravel\\framework\\src\\Illuminate\\Database\\Query\\Builder.php(2751): Illuminate\\Database\\Connection->select('select * from `...', Array, true)
#3 C:\\Users\\elisa\\Dropbox\\PC\\Documents\\smt5\\pkl\\nama-proyek-anda\\vendor\\laravel\\framework\\src\\Illuminate\\Database\\Query\\Builder.php(2740): Illuminate\\Database\\Query\\Builder->runSelect()
#4 C:\\Users\\elisa\\Dropbox\\PC\\Documents\\smt5\\pkl\\nama-proyek-anda\\vendor\\laravel\\framework\\src\\Illuminate\\Database\\Query\\Builder.php(3294): Illuminate\\Database\\Query\\Builder->Illuminate\\Database\\Query\\{closure}()
#5 C:\\Users\\elisa\\Dropbox\\PC\\Documents\\smt5\\pkl\\nama-proyek-anda\\vendor\\laravel\\framework\\src\\Illuminate\\Database\\Query\\Builder.php(2739): Illuminate\\Database\\Query\\Builder->onceWithColumns(Array, Object(Closure))
#6 C:\\Users\\elisa\\Dropbox\\PC\\Documents\\smt5\\pkl\\nama-proyek-anda\\vendor\\laravel\\framework\\src\\Illuminate\\Database\\Eloquent\\Builder.php(737): Illuminate\\Database\\Query\\Builder->get(Array)
#7 C:\\Users\\elisa\\Dropbox\\PC\\Documents\\smt5\\pkl\\nama-proyek-anda\\vendor\\laravel\\framework\\src\\Illuminate\\Database\\Eloquent\\Builder.php(721): Illuminate\\Database\\Eloquent\\Builder->getModels(Array)
#8 C:\\Users\\elisa\\Dropbox\\PC\\Documents\\smt5\\pkl\\nama-proyek-anda\\vendor\\laravel\\framework\\src\\Illuminate\\Database\\Concerns\\BuildsQueries.php(333): Illuminate\\Database\\Eloquent\\Builder->get(Array)
#9 C:\\Users\\elisa\\Dropbox\\PC\\Documents\\smt5\\pkl\\nama-proyek-anda\\vendor\\laravel\\framework\\src\\Illuminate\\Auth\\EloquentUserProvider.php(59): Illuminate\\Database\\Eloquent\\Builder->first()
#10 C:\\Users\\elisa\\Dropbox\\PC\\Documents\\smt5\\pkl\\nama-proyek-anda\\vendor\\laravel\\framework\\src\\Illuminate\\Auth\\SessionGuard.php(159): Illuminate\\Auth\\EloquentUserProvider->retrieveById(2)
#11 C:\\Users\\elisa\\Dropbox\\PC\\Documents\\smt5\\pkl\\nama-proyek-anda\\vendor\\laravel\\framework\\src\\Illuminate\\Auth\\GuardHelpers.php(56): Illuminate\\Auth\\SessionGuard->user()
#12 C:\\Users\\elisa\\Dropbox\\PC\\Documents\\smt5\\pkl\\nama-proyek-anda\\vendor\\laravel\\framework\\src\\Illuminate\\Auth\\Middleware\\Authenticate.php(76): Illuminate\\Auth\\SessionGuard->check()
#13 C:\\Users\\elisa\\Dropbox\\PC\\Documents\\smt5\\pkl\\nama-proyek-anda\\vendor\\laravel\\framework\\src\\Illuminate\\Auth\\Middleware\\Authenticate.php(55): Illuminate\\Auth\\Middleware\\Authenticate->authenticate(Object(Illuminate\\Http\\Request), Array)
#14 C:\\Users\\elisa\\Dropbox\\PC\\Documents\\smt5\\pkl\\nama-proyek-anda\\vendor\\laravel\\framework\\src\\Illuminate\\Pipeline\\Pipeline.php(183): Illuminate\\Auth\\Middleware\\Authenticate->handle(Object(Illuminate\\Http\\Request), Object(Closure))
#15 C:\\Users\\elisa\\Dropbox\\PC\\Documents\\smt5\\pkl\\nama-proyek-anda\\vendor\\laravel\\framework\\src\\Illuminate\\Foundation\\Http\\Middleware\\VerifyCsrfToken.php(78): Illuminate\\Pipeline\\Pipeline->Illuminate\\Pipeline\\{closure}(Object(Illuminate\\Http\\Request))
#16 C:\\Users\\elisa\\Dropbox\\PC\\Documents\\smt5\\pkl\\nama-proyek-anda\\vendor\\laravel\\framework\\src\\Illuminate\\Pipeline\\Pipeline.php(183): Illuminate\\Foundation\\Http\\Middleware\\VerifyCsrfToken->handle(Object(Illuminate\\Http\\Request), Object(Closure))
#17 C:\\Users\\elisa\\Dropbox\\PC\\Documents\\smt5\\pkl\\nama-proyek-anda\\vendor\\laravel\\framework\\src\\Illuminate\\View\\Middleware\\ShareErrorsFromSession.php(49): Illuminate\\Pipeline\\Pipeline->Illuminate\\Pipeline\\{closure}(Object(Illuminate\\Http\\Request))
#18 C:\\Users\\elisa\\Dropbox\\PC\\Documents\\smt5\\pkl\\nama-proyek-anda\\vendor\\laravel\\framework\\src\\Illuminate\\Pipeline\\Pipeline.php(183): Illuminate\\View\\Middleware\\ShareErrorsFromSession->handle(Object(Illuminate\\Http\\Request), Object(Closure))
#19 C:\\Users\\elisa\\Dropbox\\PC\\Documents\\smt5\\pkl\\nama-proyek-anda\\vendor\\laravel\\framework\\src\\Illuminate\\Session\\Middleware\\StartSession.php(121): Illuminate\\Pipeline\\Pipeline->Illuminate\\Pipeline\\{closure}(Object(Illuminate\\Http\\Request))
#20 C:\\Users\\elisa\\Dropbox\\PC\\Documents\\smt5\\pkl\\nama-proyek-anda\\vendor\\laravel\\framework\\src\\Illuminate\\Session\\Middleware\\StartSession.php(64): Illuminate\\Session\\Middleware\\StartSession->handleStatefulRequest(Object(Illuminate\\Http\\Request), Object(Illuminate\\Session\\Store), Object(Closure))
#21 C:\\Users\\elisa\\Dropbox\\PC\\Documents\\smt5\\pkl\\nama-proyek-anda\\vendor\\laravel\\framework\\src\\Illuminate\\Pipeline\\Pipeline.php(183): Illuminate\\Session\\Middleware\\StartSession->handle(Object(Illuminate\\Http\\Request), Object(Closure))
#22 C:\\Users\\elisa\\Dropbox\\PC\\Documents\\smt5\\pkl\\nama-proyek-anda\\vendor\\laravel\\framework\\src\\Illuminate\\Cookie\\Middleware\\AddQueuedCookiesToResponse.php(37): Illuminate\\Pipeline\\Pipeline->Illuminate\\Pipeline\\{closure}(Object(Illuminate\\Http\\Request))
#23 C:\\Users\\elisa\\Dropbox\\PC\\Documents\\smt5\\pkl\\nama-proyek-anda\\vendor\\laravel\\framework\\src\\Illuminate\\Pipeline\\Pipeline.php(183): Illuminate\\Cookie\\Middleware\\AddQueuedCookiesToResponse->handle(Object(Illuminate\\Http\\Request), Object(Closure))
#24 C:\\Users\\elisa\\Dropbox\\PC\\Documents\\smt5\\pkl\\nama-proyek-anda\\vendor\\laravel\\framework\\src\\Illuminate\\Cookie\\Middleware\\EncryptCookies.php(67): Illuminate\\Pipeline\\Pipeline->Illuminate\\Pipeline\\{closure}(Object(Illuminate\\Http\\Request))
#25 C:\\Users\\elisa\\Dropbox\\PC\\Documents\\smt5\\pkl\\nama-proyek-anda\\vendor\\laravel\\framework\\src\\Illuminate\\Pipeline\\Pipeline.php(183): Illuminate\\Cookie\\Middleware\\EncryptCookies->handle(Object(Illuminate\\Http\\Request), Object(Closure))
#26 C:\\Users\\elisa\\Dropbox\\PC\\Documents\\smt5\\pkl\\nama-proyek-anda\\vendor\\laravel\\framework\\src\\Illuminate\\Pipeline\\Pipeline.php(119): Illuminate\\Pipeline\\Pipeline->Illuminate\\Pipeline\\{closure}(Object(Illuminate\\Http\\Request))
#27 C:\\Users\\elisa\\Dropbox\\PC\\Documents\\smt5\\pkl\\nama-proyek-anda\\vendor\\laravel\\framework\\src\\Illuminate\\Routing\\Router.php(805): Illuminate\\Pipeline\\Pipeline->then(Object(Closure))
#28 C:\\Users\\elisa\\Dropbox\\PC\\Documents\\smt5\\pkl\\nama-proyek-anda\\vendor\\laravel\\framework\\src\\Illuminate\\Routing\\Router.php(784): Illuminate\\Routing\\Router->runRouteWithinStack(Object(Illuminate\\Routing\\Route), Object(Illuminate\\Http\\Request))
#29 C:\\Users\\elisa\\Dropbox\\PC\\Documents\\smt5\\pkl\\nama-proyek-anda\\vendor\\laravel\\framework\\src\\Illuminate\\Routing\\Router.php(748): Illuminate\\Routing\\Router->runRoute(Object(Illuminate\\Http\\Request), Object(Illuminate\\Routing\\Route))
#30 C:\\Users\\elisa\\Dropbox\\PC\\Documents\\smt5\\pkl\\nama-proyek-anda\\vendor\\laravel\\framework\\src\\Illuminate\\Routing\\Router.php(737): Illuminate\\Routing\\Router->dispatchToRoute(Object(Illuminate\\Http\\Request))
#31 C:\\Users\\elisa\\Dropbox\\PC\\Documents\\smt5\\pkl\\nama-proyek-anda\\vendor\\laravel\\framework\\src\\Illuminate\\Foundation\\Http\\Kernel.php(200): Illuminate\\Routing\\Router->dispatch(Object(Illuminate\\Http\\Request))
#32 C:\\Users\\elisa\\Dropbox\\PC\\Documents\\smt5\\pkl\\nama-proyek-anda\\vendor\\laravel\\framework\\src\\Illuminate\\Pipeline\\Pipeline.php(144): Illuminate\\Foundation\\Http\\Kernel->Illuminate\\Foundation\\Http\\{closure}(Object(Illuminate\\Http\\Request))
#33 C:\\Users\\elisa\\Dropbox\\PC\\Documents\\smt5\\pkl\\nama-proyek-anda\\vendor\\laravel\\framework\\src\\Illuminate\\Foundation\\Http\\Middleware\\TransformsRequest.php(21): Illuminate\\Pipeline\\Pipeline->Illuminate\\Pipeline\\{closure}(Object(Illuminate\\Http\\Request))
#34 C:\\Users\\elisa\\Dropbox\\PC\\Documents\\smt5\\pkl\\nama-proyek-anda\\vendor\\laravel\\framework\\src\\Illuminate\\Foundation\\Http\\Middleware\\ConvertEmptyStringsToNull.php(31): Illuminate\\Foundation\\Http\\Middleware\\TransformsRequest->handle(Object(Illuminate\\Http\\Request), Object(Closure))
#35 C:\\Users\\elisa\\Dropbox\\PC\\Documents\\smt5\\pkl\\nama-proyek-anda\\vendor\\laravel\\framework\\src\\Illuminate\\Pipeline\\Pipeline.php(183): Illuminate\\Foundation\\Http\\Middleware\\ConvertEmptyStringsToNull->handle(Object(Illuminate\\Http\\Request), Object(Closure))
#36 C:\\Users\\elisa\\Dropbox\\PC\\Documents\\smt5\\pkl\\nama-proyek-anda\\vendor\\laravel\\framework\\src\\Illuminate\\Foundation\\Http\\Middleware\\TransformsRequest.php(21): Illuminate\\Pipeline\\Pipeline->Illuminate\\Pipeline\\{closure}(Object(Illuminate\\Http\\Request))
#37 C:\\Users\\elisa\\Dropbox\\PC\\Documents\\smt5\\pkl\\nama-proyek-anda\\vendor\\laravel\\framework\\src\\Illuminate\\Foundation\\Http\\Middleware\\TrimStrings.php(40): Illuminate\\Foundation\\Http\\Middleware\\TransformsRequest->handle(Object(Illuminate\\Http\\Request), Object(Closure))
#38 C:\\Users\\elisa\\Dropbox\\PC\\Documents\\smt5\\pkl\\nama-proyek-anda\\vendor\\laravel\\framework\\src\\Illuminate\\Pipeline\\Pipeline.php(183): Illuminate\\Foundation\\Http\\Middleware\\TrimStrings->handle(Object(Illuminate\\Http\\Request), Object(Closure))
#39 C:\\Users\\elisa\\Dropbox\\PC\\Documents\\smt5\\pkl\\nama-proyek-anda\\vendor\\laravel\\framework\\src\\Illuminate\\Foundation\\Http\\Middleware\\ValidatePostSize.php(27): Illuminate\\Pipeline\\Pipeline->Illuminate\\Pipeline\\{closure}(Object(Illuminate\\Http\\Request))
#40 C:\\Users\\elisa\\Dropbox\\PC\\Documents\\smt5\\pkl\\nama-proyek-anda\\vendor\\laravel\\framework\\src\\Illuminate\\Pipeline\\Pipeline.php(183): Illuminate\\Foundation\\Http\\Middleware\\ValidatePostSize->handle(Object(Illuminate\\Http\\Request), Object(Closure))
#41 C:\\Users\\elisa\\Dropbox\\PC\\Documents\\smt5\\pkl\\nama-proyek-anda\\vendor\\laravel\\framework\\src\\Illuminate\\Foundation\\Http\\Middleware\\PreventRequestsDuringMaintenance.php(99): Illuminate\\Pipeline\\Pipeline->Illuminate\\Pipeline\\{closure}(Object(Illuminate\\Http\\Request))
#42 C:\\Users\\elisa\\Dropbox\\PC\\Documents\\smt5\\pkl\\nama-proyek-anda\\vendor\\laravel\\framework\\src\\Illuminate\\Pipeline\\Pipeline.php(183): Illuminate\\Foundation\\Http\\Middleware\\PreventRequestsDuringMaintenance->handle(Object(Illuminate\\Http\\Request), Object(Closure))
#43 C:\\Users\\elisa\\Dropbox\\PC\\Documents\\smt5\\pkl\\nama-proyek-anda\\vendor\\laravel\\framework\\src\\Illuminate\\Http\\Middleware\\HandleCors.php(49): Illuminate\\Pipeline\\Pipeline->Illuminate\\Pipeline\\{closure}(Object(Illuminate\\Http\\Request))
#44 C:\\Users\\elisa\\Dropbox\\PC\\Documents\\smt5\\pkl\\nama-proyek-anda\\vendor\\laravel\\framework\\src\\Illuminate\\Pipeline\\Pipeline.php(183): Illuminate\\Http\\Middleware\\HandleCors->handle(Object(Illuminate\\Http\\Request), Object(Closure))
#45 C:\\Users\\elisa\\Dropbox\\PC\\Documents\\smt5\\pkl\\nama-proyek-anda\\vendor\\laravel\\framework\\src\\Illuminate\\Http\\Middleware\\TrustProxies.php(39): Illuminate\\Pipeline\\Pipeline->Illuminate\\Pipeline\\{closure}(Object(Illuminate\\Http\\Request))
#46 C:\\Users\\elisa\\Dropbox\\PC\\Documents\\smt5\\pkl\\nama-proyek-anda\\vendor\\laravel\\framework\\src\\Illuminate\\Pipeline\\Pipeline.php(183): Illuminate\\Http\\Middleware\\TrustProxies->handle(Object(Illuminate\\Http\\Request), Object(Closure))
#47 C:\\Users\\elisa\\Dropbox\\PC\\Documents\\smt5\\pkl\\nama-proyek-anda\\vendor\\laravel\\framework\\src\\Illuminate\\Pipeline\\Pipeline.php(119): Illuminate\\Pipeline\\Pipeline->Illuminate\\Pipeline\\{closure}(Object(Illuminate\\Http\\Request))
#48 C:\\Users\\elisa\\Dropbox\\PC\\Documents\\smt5\\pkl\\nama-proyek-anda\\vendor\\laravel\\framework\\src\\Illuminate\\Foundation\\Http\\Kernel.php(175): Illuminate\\Pipeline\\Pipeline->then(Object(Closure))
#49 C:\\Users\\elisa\\Dropbox\\PC\\Documents\\smt5\\pkl\\nama-proyek-anda\\vendor\\laravel\\framework\\src\\Illuminate\\Foundation\\Http\\Kernel.php(144): Illuminate\\Foundation\\Http\\Kernel->sendRequestThroughRouter(Object(Illuminate\\Http\\Request))
#50 C:\\Users\\elisa\\Dropbox\\PC\\Documents\\smt5\\pkl\\nama-proyek-anda\\public\\index.php(51): Illuminate\\Foundation\\Http\\Kernel->handle(Object(Illuminate\\Http\\Request))
#51 C:\\Users\\elisa\\Dropbox\\PC\\Documents\\smt5\\pkl\\nama-proyek-anda\\vendor\\laravel\\framework\\src\\Illuminate\\Foundation\\resources\\server.php(16): require_once('C:\\\\Users\\\\elisa\\\\...')
#52 {main}

[previous exception] [object] (PDOException(code: 1049): SQLSTATE[HY000] [1049] Unknown database 'pkl' at C:\\Users\\elisa\\Dropbox\\PC\\Documents\\smt5\\pkl\\nama-proyek-anda\\vendor\\laravel\\framework\\src\\Illuminate\\Database\\Connectors\\Connector.php:65)
[stacktrace]
#0 C:\\Users\\elisa\\Dropbox\\PC\\Documents\\smt5\\pkl\\nama-proyek-anda\\vendor\\laravel\\framework\\src\\Illuminate\\Database\\Connectors\\Connector.php(65): PDO->__construct('mysql:host=127....', 'pkl', Object(SensitiveParameterValue), Array)
#1 C:\\Users\\elisa\\Dropbox\\PC\\Documents\\smt5\\pkl\\nama-proyek-anda\\vendor\\laravel\\framework\\src\\Illuminate\\Database\\Connectors\\Connector.php(44): Illuminate\\Database\\Connectors\\Connector->createPdoConnection('mysql:host=127....', 'pkl', '', Array)
#2 C:\\Users\\elisa\\Dropbox\\PC\\Documents\\smt5\\pkl\\nama-proyek-anda\\vendor\\laravel\\framework\\src\\Illuminate\\Database\\Connectors\\MySqlConnector.php(24): Illuminate\\Database\\Connectors\\Connector->createConnection('mysql:host=127....', Array, Array)
#3 C:\\Users\\elisa\\Dropbox\\PC\\Documents\\smt5\\pkl\\nama-proyek-anda\\vendor\\laravel\\framework\\src\\Illuminate\\Database\\Connectors\\ConnectionFactory.php(184): Illuminate\\Database\\Connectors\\MySqlConnector->connect(Array)
#4 [internal function]: Illuminate\\Database\\Connectors\\ConnectionFactory->Illuminate\\Database\\Connectors\\{closure}()
#5 C:\\Users\\elisa\\Dropbox\\PC\\Documents\\smt5\\pkl\\nama-proyek-anda\\vendor\\laravel\\framework\\src\\Illuminate\\Database\\Connection.php(1319): call_user_func(Object(Closure))
#6 C:\\Users\\elisa\\Dropbox\\PC\\Documents\\smt5\\pkl\\nama-proyek-anda\\vendor\\laravel\\framework\\src\\Illuminate\\Database\\Connection.php(1355): Illuminate\\Database\\Connection->getPdo()
#7 C:\\Users\\elisa\\Dropbox\\PC\\Documents\\smt5\\pkl\\nama-proyek-anda\\vendor\\laravel\\framework\\src\\Illuminate\\Database\\Connection.php(521): Illuminate\\Database\\Connection->getReadPdo()
#8 C:\\Users\\elisa\\Dropbox\\PC\\Documents\\smt5\\pkl\\nama-proyek-anda\\vendor\\laravel\\framework\\src\\Illuminate\\Database\\Connection.php(416): Illuminate\\Database\\Connection->getPdoForSelect(true)
#9 C:\\Users\\elisa\\Dropbox\\PC\\Documents\\smt5\\pkl\\nama-proyek-anda\\vendor\\laravel\\framework\\src\\Illuminate\\Database\\Connection.php(809): Illuminate\\Database\\Connection->Illuminate\\Database\\{closure}('select * from `...', Array)
#10 C:\\Users\\elisa\\Dropbox\\PC\\Documents\\smt5\\pkl\\nama-proyek-anda\\vendor\\laravel\\framework\\src\\Illuminate\\Database\\Connection.php(776): Illuminate\\Database\\Connection->runQueryCallback('select * from `...', Array, Object(Closure))
#11 C:\\Users\\elisa\\Dropbox\\PC\\Documents\\smt5\\pkl\\nama-proyek-anda\\vendor\\laravel\\framework\\src\\Illuminate\\Database\\Connection.php(407): Illuminate\\Database\\Connection->run('select * from `...', Array, Object(Closure))
#12 C:\\Users\\elisa\\Dropbox\\PC\\Documents\\smt5\\pkl\\nama-proyek-anda\\vendor\\laravel\\framework\\src\\Illuminate\\Database\\Query\\Builder.php(2751): Illuminate\\Database\\Connection->select('select * from `...', Array, true)
#13 C:\\Users\\elisa\\Dropbox\\PC\\Documents\\smt5\\pkl\\nama-proyek-anda\\vendor\\laravel\\framework\\src\\Illuminate\\Database\\Query\\Builder.php(2740): Illuminate\\Database\\Query\\Builder->runSelect()
#14 C:\\Users\\elisa\\Dropbox\\PC\\Documents\\smt5\\pkl\\nama-proyek-anda\\vendor\\laravel\\framework\\src\\Illuminate\\Database\\Query\\Builder.php(3294): Illuminate\\Database\\Query\\Builder->Illuminate\\Database\\Query\\{closure}()
#15 C:\\Users\\elisa\\Dropbox\\PC\\Documents\\smt5\\pkl\\nama-proyek-anda\\vendor\\laravel\\framework\\src\\Illuminate\\Database\\Query\\Builder.php(2739): Illuminate\\Database\\Query\\Builder->onceWithColumns(Array, Object(Closure))
#16 C:\\Users\\elisa\\Dropbox\\PC\\Documents\\smt5\\pkl\\nama-proyek-anda\\vendor\\laravel\\framework\\src\\Illuminate\\Database\\Eloquent\\Builder.php(737): Illuminate\\Database\\Query\\Builder->get(Array)
#17 C:\\Users\\elisa\\Dropbox\\PC\\Documents\\smt5\\pkl\\nama-proyek-anda\\vendor\\laravel\\framework\\src\\Illuminate\\Database\\Eloquent\\Builder.php(721): Illuminate\\Database\\Eloquent\\Builder->getModels(Array)
#18 C:\\Users\\elisa\\Dropbox\\PC\\Documents\\smt5\\pkl\\nama-proyek-anda\\vendor\\laravel\\framework\\src\\Illuminate\\Database\\Concerns\\BuildsQueries.php(333): Illuminate\\Database\\Eloquent\\Builder->get(Array)
#19 C:\\Users\\elisa\\Dropbox\\PC\\Documents\\smt5\\pkl\\nama-proyek-anda\\vendor\\laravel\\framework\\src\\Illuminate\\Auth\\EloquentUserProvider.php(59): Illuminate\\Database\\Eloquent\\Builder->first()
#20 C:\\Users\\elisa\\Dropbox\\PC\\Documents\\smt5\\pkl\\nama-proyek-anda\\vendor\\laravel\\framework\\src\\Illuminate\\Auth\\SessionGuard.php(159): Illuminate\\Auth\\EloquentUserProvider->retrieveById(2)
#21 C:\\Users\\elisa\\Dropbox\\PC\\Documents\\smt5\\pkl\\nama-proyek-anda\\vendor\\laravel\\framework\\src\\Illuminate\\Auth\\GuardHelpers.php(56): Illuminate\\Auth\\SessionGuard->user()
#22 C:\\Users\\elisa\\Dropbox\\PC\\Documents\\smt5\\pkl\\nama-proyek-anda\\vendor\\laravel\\framework\\src\\Illuminate\\Auth\\Middleware\\Authenticate.php(76): Illuminate\\Auth\\SessionGuard->check()
#23 C:\\Users\\elisa\\Dropbox\\PC\\Documents\\smt5\\pkl\\nama-proyek-anda\\vendor\\laravel\\framework\\src\\Illuminate\\Auth\\Middleware\\Authenticate.php(55): Illuminate\\Auth\\Middleware\\Authenticate->authenticate(Object(Illuminate\\Http\\Request), Array)
#24 C:\\Users\\elisa\\Dropbox\\PC\\Documents\\smt5\\pkl\\nama-proyek-anda\\vendor\\laravel\\framework\\src\\Illuminate\\Pipeline\\Pipeline.php(183): Illuminate\\Auth\\Middleware\\Authenticate->handle(Object(Illuminate\\Http\\Request), Object(Closure))
#25 C:\\Users\\elisa\\Dropbox\\PC\\Documents\\smt5\\pkl\\nama-proyek-anda\\vendor\\laravel\\framework\\src\\Illuminate\\Foundation\\Http\\Middleware\\VerifyCsrfToken.php(78): Illuminate\\Pipeline\\Pipeline->Illuminate\\Pipeline\\{closure}(Object(Illuminate\\Http\\Request))
#26 C:\\Users\\elisa\\Dropbox\\PC\\Documents\\smt5\\pkl\\nama-proyek-anda\\vendor\\laravel\\framework\\src\\Illuminate\\Pipeline\\Pipeline.php(183): Illuminate\\Foundation\\Http\\Middleware\\VerifyCsrfToken->handle(Object(Illuminate\\Http\\Request), Object(Closure))
#27 C:\\Users\\elisa\\Dropbox\\PC\\Documents\\smt5\\pkl\\nama-proyek-anda\\vendor\\laravel\\framework\\src\\Illuminate\\View\\Middleware\\ShareErrorsFromSession.php(49): Illuminate\\Pipeline\\Pipeline->Illuminate\\Pipeline\\{closure}(Object(Illuminate\\Http\\Request))
#28 C:\\Users\\elisa\\Dropbox\\PC\\Documents\\smt5\\pkl\\nama-proyek-anda\\vendor\\laravel\\framework\\src\\Illuminate\\Pipeline\\Pipeline.php(183): Illuminate\\View\\Middleware\\ShareErrorsFromSession->handle(Object(Illuminate\\Http\\Request), Object(Closure))
#29 C:\\Users\\elisa\\Dropbox\\PC\\Documents\\smt5\\pkl\\nama-proyek-anda\\vendor\\laravel\\framework\\src\\Illuminate\\Session\\Middleware\\StartSession.php(121): Illuminate\\Pipeline\\Pipeline->Illuminate\\Pipeline\\{closure}(Object(Illuminate\\Http\\Request))
#30 C:\\Users\\elisa\\Dropbox\\PC\\Documents\\smt5\\pkl\\nama-proyek-anda\\vendor\\laravel\\framework\\src\\Illuminate\\Session\\Middleware\\StartSession.php(64): Illuminate\\Session\\Middleware\\StartSession->handleStatefulRequest(Object(Illuminate\\Http\\Request), Object(Illuminate\\Session\\Store), Object(Closure))
#31 C:\\Users\\elisa\\Dropbox\\PC\\Documents\\smt5\\pkl\\nama-proyek-anda\\vendor\\laravel\\framework\\src\\Illuminate\\Pipeline\\Pipeline.php(183): Illuminate\\Session\\Middleware\\StartSession->handle(Object(Illuminate\\Http\\Request), Object(Closure))
#32 C:\\Users\\elisa\\Dropbox\\PC\\Documents\\smt5\\pkl\\nama-proyek-anda\\vendor\\laravel\\framework\\src\\Illuminate\\Cookie\\Middleware\\AddQueuedCookiesToResponse.php(37): Illuminate\\Pipeline\\Pipeline->Illuminate\\Pipeline\\{closure}(Object(Illuminate\\Http\\Request))
#33 C:\\Users\\elisa\\Dropbox\\PC\\Documents\\smt5\\pkl\\nama-proyek-anda\\vendor\\laravel\\framework\\src\\Illuminate\\Pipeline\\Pipeline.php(183): Illuminate\\Cookie\\Middleware\\AddQueuedCookiesToResponse->handle(Object(Illuminate\\Http\\Request), Object(Closure))
#34 C:\\Users\\elisa\\Dropbox\\PC\\Documents\\smt5\\pkl\\nama-proyek-anda\\vendor\\laravel\\framework\\src\\Illuminate\\Cookie\\Middleware\\EncryptCookies.php(67): Illuminate\\Pipeline\\Pipeline->Illuminate\\Pipeline\\{closure}(Object(Illuminate\\Http\\Request))
#35 C:\\Users\\elisa\\Dropbox\\PC\\Documents\\smt5\\pkl\\nama-proyek-anda\\vendor\\laravel\\framework\\src\\Illuminate\\Pipeline\\Pipeline.php(183): Illuminate\\Cookie\\Middleware\\EncryptCookies->handle(Object(Illuminate\\Http\\Request), Object(Closure))
#36 C:\\Users\\elisa\\Dropbox\\PC\\Documents\\smt5\\pkl\\nama-proyek-anda\\vendor\\laravel\\framework\\src\\Illuminate\\Pipeline\\Pipeline.php(119): Illuminate\\Pipeline\\Pipeline->Illuminate\\Pipeline\\{closure}(Object(Illuminate\\Http\\Request))
#37 C:\\Users\\elisa\\Dropbox\\PC\\Documents\\smt5\\pkl\\nama-proyek-anda\\vendor\\laravel\\framework\\src\\Illuminate\\Routing\\Router.php(805): Illuminate\\Pipeline\\Pipeline->then(Object(Closure))
#38 C:\\Users\\elisa\\Dropbox\\PC\\Documents\\smt5\\pkl\\nama-proyek-anda\\vendor\\laravel\\framework\\src\\Illuminate\\Routing\\Router.php(784): Illuminate\\Routing\\Router->runRouteWithinStack(Object(Illuminate\\Routing\\Route), Object(Illuminate\\Http\\Request))
#39 C:\\Users\\elisa\\Dropbox\\PC\\Documents\\smt5\\pkl\\nama-proyek-anda\\vendor\\laravel\\framework\\src\\Illuminate\\Routing\\Router.php(748): Illuminate\\Routing\\Router->runRoute(Object(Illuminate\\Http\\Request), Object(Illuminate\\Routing\\Route))
#40 C:\\Users\\elisa\\Dropbox\\PC\\Documents\\smt5\\pkl\\nama-proyek-anda\\vendor\\laravel\\framework\\src\\Illuminate\\Routing\\Router.php(737): Illuminate\\Routing\\Router->dispatchToRoute(Object(Illuminate\\Http\\Request))
#41 C:\\Users\\elisa\\Dropbox\\PC\\Documents\\smt5\\pkl\\nama-proyek-anda\\vendor\\laravel\\framework\\src\\Illuminate\\Foundation\\Http\\Kernel.php(200): Illuminate\\Routing\\Router->dispatch(Object(Illuminate\\Http\\Request))
#42 C:\\Users\\elisa\\Dropbox\\PC\\Documents\\smt5\\pkl\\nama-proyek-anda\\vendor\\laravel\\framework\\src\\Illuminate\\Pipeline\\Pipeline.php(144): Illuminate\\Foundation\\Http\\Kernel->Illuminate\\Foundation\\Http\\{closure}(Object(Illuminate\\Http\\Request))
#43 C:\\Users\\elisa\\Dropbox\\PC\\Documents\\smt5\\pkl\\nama-proyek-anda\\vendor\\laravel\\framework\\src\\Illuminate\\Foundation\\Http\\Middleware\\TransformsRequest.php(21): Illuminate\\Pipeline\\Pipeline->Illuminate\\Pipeline\\{closure}(Object(Illuminate\\Http\\Request))
#44 C:\\Users\\elisa\\Dropbox\\PC\\Documents\\smt5\\pkl\\nama-proyek-anda\\vendor\\laravel\\framework\\src\\Illuminate\\Foundation\\Http\\Middleware\\ConvertEmptyStringsToNull.php(31): Illuminate\\Foundation\\Http\\Middleware\\TransformsRequest->handle(Object(Illuminate\\Http\\Request), Object(Closure))
#45 C:\\Users\\elisa\\Dropbox\\PC\\Documents\\smt5\\pkl\\nama-proyek-anda\\vendor\\laravel\\framework\\src\\Illuminate\\Pipeline\\Pipeline.php(183): Illuminate\\Foundation\\Http\\Middleware\\ConvertEmptyStringsToNull->handle(Object(Illuminate\\Http\\Request), Object(Closure))
#46 C:\\Users\\elisa\\Dropbox\\PC\\Documents\\smt5\\pkl\\nama-proyek-anda\\vendor\\laravel\\framework\\src\\Illuminate\\Foundation\\Http\\Middleware\\TransformsRequest.php(21): Illuminate\\Pipeline\\Pipeline->Illuminate\\Pipeline\\{closure}(Object(Illuminate\\Http\\Request))
#47 C:\\Users\\elisa\\Dropbox\\PC\\Documents\\smt5\\pkl\\nama-proyek-anda\\vendor\\laravel\\framework\\src\\Illuminate\\Foundation\\Http\\Middleware\\TrimStrings.php(40): Illuminate\\Foundation\\Http\\Middleware\\TransformsRequest->handle(Object(Illuminate\\Http\\Request), Object(Closure))
#48 C:\\Users\\elisa\\Dropbox\\PC\\Documents\\smt5\\pkl\\nama-proyek-anda\\vendor\\laravel\\framework\\src\\Illuminate\\Pipeline\\Pipeline.php(183): Illuminate\\Foundation\\Http\\Middleware\\TrimStrings->handle(Object(Illuminate\\Http\\Request), Object(Closure))
#49 C:\\Users\\elisa\\Dropbox\\PC\\Documents\\smt5\\pkl\\nama-proyek-anda\\vendor\\laravel\\framework\\src\\Illuminate\\Foundation\\Http\\Middleware\\ValidatePostSize.php(27): Illuminate\\Pipeline\\Pipeline->Illuminate\\Pipeline\\{closure}(Object(Illuminate\\Http\\Request))
#50 C:\\Users\\elisa\\Dropbox\\PC\\Documents\\smt5\\pkl\\nama-proyek-anda\\vendor\\laravel\\framework\\src\\Illuminate\\Pipeline\\Pipeline.php(183): Illuminate\\Foundation\\Http\\Middleware\\ValidatePostSize->handle(Object(Illuminate\\Http\\Request), Object(Closure))
#51 C:\\Users\\elisa\\Dropbox\\PC\\Documents\\smt5\\pkl\\nama-proyek-anda\\vendor\\laravel\\framework\\src\\Illuminate\\Foundation\\Http\\Middleware\\PreventRequestsDuringMaintenance.php(99): Illuminate\\Pipeline\\Pipeline->Illuminate\\Pipeline\\{closure}(Object(Illuminate\\Http\\Request))
#52 C:\\Users\\elisa\\Dropbox\\PC\\Documents\\smt5\\pkl\\nama-proyek-anda\\vendor\\laravel\\framework\\src\\Illuminate\\Pipeline\\Pipeline.php(183): Illuminate\\Foundation\\Http\\Middleware\\PreventRequestsDuringMaintenance->handle(Object(Illuminate\\Http\\Request), Object(Closure))
#53 C:\\Users\\elisa\\Dropbox\\PC\\Documents\\smt5\\pkl\\nama-proyek-anda\\vendor\\laravel\\framework\\src\\Illuminate\\Http\\Middleware\\HandleCors.php(49): Illuminate\\Pipeline\\Pipeline->Illuminate\\Pipeline\\{closure}(Object(Illuminate\\Http\\Request))
#54 C:\\Users\\elisa\\Dropbox\\PC\\Documents\\smt5\\pkl\\nama-proyek-anda\\vendor\\laravel\\framework\\src\\Illuminate\\Pipeline\\Pipeline.php(183): Illuminate\\Http\\Middleware\\HandleCors->handle(Object(Illuminate\\Http\\Request), Object(Closure))
#55 C:\\Users\\elisa\\Dropbox\\PC\\Documents\\smt5\\pkl\\nama-proyek-anda\\vendor\\laravel\\framework\\src\\Illuminate\\Http\\Middleware\\TrustProxies.php(39): Illuminate\\Pipeline\\Pipeline->Illuminate\\Pipeline\\{closure}(Object(Illuminate\\Http\\Request))
#56 C:\\Users\\elisa\\Dropbox\\PC\\Documents\\smt5\\pkl\\nama-proyek-anda\\vendor\\laravel\\framework\\src\\Illuminate\\Pipeline\\Pipeline.php(183): Illuminate\\Http\\Middleware\\TrustProxies->handle(Object(Illuminate\\Http\\Request), Object(Closure))
#57 C:\\Users\\elisa\\Dropbox\\PC\\Documents\\smt5\\pkl\\nama-proyek-anda\\vendor\\laravel\\framework\\src\\Illuminate\\Pipeline\\Pipeline.php(119): Illuminate\\Pipeline\\Pipeline->Illuminate\\Pipeline\\{closure}(Object(Illuminate\\Http\\Request))
#58 C:\\Users\\elisa\\Dropbox\\PC\\Documents\\smt5\\pkl\\nama-proyek-anda\\vendor\\laravel\\framework\\src\\Illuminate\\Foundation\\Http\\Kernel.php(175): Illuminate\\Pipeline\\Pipeline->then(Object(Closure))
#59 C:\\Users\\elisa\\Dropbox\\PC\\Documents\\smt5\\pkl\\nama-proyek-anda\\vendor\\laravel\\framework\\src\\Illuminate\\Foundation\\Http\\Kernel.php(144): Illuminate\\Foundation\\Http\\Kernel->sendRequestThroughRouter(Object(Illuminate\\Http\\Request))
#60 C:\\Users\\elisa\\Dropbox\\PC\\Documents\\smt5\\pkl\\nama-proyek-anda\\public\\index.php(51): Illuminate\\Foundation\\Http\\Kernel->handle(Object(Illuminate\\Http\\Request))
#61 C:\\Users\\elisa\\Dropbox\\PC\\Documents\\smt5\\pkl\\nama-proyek-anda\\vendor\\laravel\\framework\\src\\Illuminate\\Foundation\\resources\\server.php(16): require_once('C:\\\\Users\\\\elisa\\\\...')
#62 {main}
"} 
